SF:/home/nnorthcutt/Code/github/telefrek/lucent-bidder/Common/LucentExtensions.cs
FN:25,System.String LucentExtensions::CalculateETag(System.Byte[])
FNDA:0,System.String LucentExtensions::CalculateETag(System.Byte[])
DA:26,0
FN:32,System.String LucentExtensions::SafeBase64Encode(System.String)
FNDA:0,System.String LucentExtensions::SafeBase64Encode(System.String)
DA:33,0
FN:39,System.String LucentExtensions::SafeBase64Decode(System.String)
FNDA:0,System.String LucentExtensions::SafeBase64Decode(System.String)
DA:40,0
FN:46,System.String LucentExtensions::Escape(System.String)
FNDA:0,System.String LucentExtensions::Escape(System.String)
DA:47,0
FN:53,System.String LucentExtensions::CDataEscape(System.String)
FNDA:0,System.String LucentExtensions::CDataEscape(System.String)
DA:54,0
FN:60,System.String LucentExtensions::CDataWrap(System.String)
FNDA:0,System.String LucentExtensions::CDataWrap(System.String)
DA:61,0
FN:67,System.String LucentExtensions::EncodeGuid(System.Guid)
FNDA:0,System.String LucentExtensions::EncodeGuid(System.Guid)
DA:68,0
FN:74,System.Guid LucentExtensions::DecodeGuid(System.String)
FNDA:0,System.Guid LucentExtensions::DecodeGuid(System.String)
DA:75,0
FN:82,System.String LucentExtensions::ToHex(System.Byte[])
FNDA:0,System.String LucentExtensions::ToHex(System.Byte[])
DA:83,0
DA:84,0
DA:88,0
DA:89,0
DA:90,0
DA:91,0
DA:93,0
DA:94,0
DA:95,0
DA:97,0
DA:98,0
BRDA:88,101,1,0
BRDA:91,31,0,0
BRDA:91,31,1,0
BRDA:94,65,0,0
BRDA:94,65,1,0
BRDA:88,101,0,0
FN:117,System.Int32 LucentExtensions::MSB(System.Int32)
FNDA:0,System.Int32 LucentExtensions::MSB(System.Int32)
DA:118,0
DA:119,0
DA:120,0
DA:121,0
DA:122,0
DA:123,0
DA:125,0
DA:126,0
FN:133,System.Int32 LucentExtensions::LSB(System.Int32)
FNDA:0,System.Int32 LucentExtensions::LSB(System.Int32)
DA:134,0
DA:135,0
DA:136,0
FN:143,System.String LucentExtensions::FormatWith(System.String,System.Object[])
FNDA:0,System.String LucentExtensions::FormatWith(System.String,System.Object[])
DA:144,0
FN:154,System.Void LucentExtensions::Set(System.Collections.Generic.IDictionary`2<T,F>,T,F)
FNDA:0,System.Void LucentExtensions::Set(System.Collections.Generic.IDictionary`2<T,F>,T,F)
DA:155,0
DA:157,0
DA:158,0
DA:160,0
DA:161,0
BRDA:157,10,0,0
BRDA:157,10,1,0
FN:173,T LucentExtensions::CreateInstance(System.IServiceProvider,System.Object[])
FNDA:6,T LucentExtensions::CreateInstance(System.IServiceProvider,System.Object[])
DA:174,6
FN:186,System.Object LucentExtensions::CreateInstance(System.IServiceProvider,System.Type,System.Object[])
FNDA:11,System.Object LucentExtensions::CreateInstance(System.IServiceProvider,System.Type,System.Object[])
DA:187,11
DA:188,17
DA:189,22
DA:191,11
DA:192,11
DA:194,11
DA:196,11
DA:197,11
DA:200,11
DA:201,11
DA:202,23
DA:203,6
DA:204,6
DA:206,0
DA:209,29
DA:210,9
DA:213,11
DA:215,0
DA:216,0
DA:218,0
DA:223,0
DA:224,11
BRDA:188,15,0,1
BRDA:188,15,1,11
BRDA:191,93,0,11
BRDA:202,222,1,6
BRDA:203,152,0,6
BRDA:203,152,1,0
BRDA:202,201,0,12
BRDA:202,201,1,5
BRDA:209,263,1,9
BRDA:202,222,0,20
BRDA:209,263,0,11
BRDA:191,93,1,0
FN:234,System.Boolean LucentExtensions::IsMatch(System.Reflection.ConstructorInfo,System.Type[])
FNDA:11,System.Boolean LucentExtensions::IsMatch(System.Reflection.ConstructorInfo,System.Type[])
DA:235,11
DA:237,11
DA:239,11
DA:240,11
DA:243,11
DA:246,11
DA:249,11
DA:250,11
DA:251,34
DA:252,6
DA:253,6
DA:254,6
DA:255,0
DA:256,0
DA:257,6
DA:260,29
DA:261,9
DA:262,0
DA:265,11
DA:267,0
DA:268,0
DA:269,0
DA:271,11
BRDA:239,13,0,0
BRDA:239,13,1,11
BRDA:240,33,0,0
BRDA:240,33,1,11
BRDA:246,62,0,0
BRDA:246,62,1,11
BRDA:251,157,1,6
BRDA:253,101,0,6
BRDA:253,101,1,0
BRDA:255,129,1,6
BRDA:251,142,0,12
BRDA:251,142,1,5
BRDA:260,199,1,9
BRDA:261,181,1,9
BRDA:255,129,0,20
BRDA:251,157,0,20
BRDA:261,181,0,11
BRDA:260,199,0,11
BRDA:265,205,0,11
BRDA:265,205,1,0
FN:278,Microsoft.AspNetCore.Builder.IApplicationBuilder LucentExtensions::UseApiLatency(Microsoft.AspNetCore.Builder.IApplicationBuilder)
FNDA:0,Microsoft.AspNetCore.Builder.IApplicationBuilder LucentExtensions::UseApiLatency(Microsoft.AspNetCore.Builder.IApplicationBuilder)
DA:279,0
DA:281,0
DA:282,0
DA:283,0
DA:284,0
DA:285,0
DA:287,0
DA:288,0
DA:289,0
DA:290,0
DA:293,0
DA:294,0
DA:295,0
DA:296,0
DA:297,0
DA:298,0
DA:299,0
DA:300,0
DA:301,0
DA:302,0
DA:304,0
DA:305,0
FN:18,System.Void LucentExtensions::.cctor()
FNDA:0,System.Void LucentExtensions::.cctor()
DA:19,0
DA:100,0
DA:101,0
DA:102,0
DA:103,0
DA:104,0
DA:106,0
DA:107,0
DA:108,0
DA:109,0
DA:110,0
LF:115
LH:35
BRF:44
BRH:25
FNF:18
FNH:3
end_of_record
SF:/home/nnorthcutt/Code/github/telefrek/lucent-bidder/Common/Entities/EntityExtensions.cs
FN:20,System.Void Lucent.Common.LucentExtensions::HydrateFilter(Lucent.Common.Entities.CreativeContent)
FNDA:2,System.Void Lucent.Common.LucentExtensions::HydrateFilter(Lucent.Common.Entities.CreativeContent)
DA:21,2
DA:22,2
DA:23,2
DA:24,2
DA:26,2
DA:28,2
DA:29,2
DA:31,2
DA:33,2
DA:35,2
DA:36,2
DA:38,2
DA:39,2
DA:41,2
DA:42,2
DA:45,2
DA:48,2
DA:50,2
DA:51,0
DA:53,0
DA:54,0
DA:55,0
DA:56,0
DA:57,0
DA:58,0
DA:59,0
DA:60,0
DA:61,0
DA:62,0
DA:63,0
DA:64,0
DA:66,2
DA:68,2
DA:69,2
DA:70,2
DA:71,2
DA:72,2
DA:73,2
DA:74,2
DA:75,2
DA:78,2
DA:81,2
DA:84,2
DA:85,2
DA:86,0
DA:87,0
DA:89,0
DA:91,0
DA:92,0
DA:94,0
DA:95,0
DA:96,0
DA:98,2
DA:101,2
DA:104,2
DA:105,2
DA:108,2
DA:110,2
BRDA:28,78,0,2
BRDA:50,406,0,0
BRDA:50,406,1,2
BRDA:28,78,1,0
BRDA:86,711,0,0
BRDA:86,711,1,0
LF:58
LH:37
BRF:6
BRH:2
FNF:1
FNH:1
end_of_record
SF:/home/nnorthcutt/Code/github/telefrek/lucent-bidder/Common/Filters/FilterExtensions.cs
FN:29,System.Linq.Expressions.Expression Lucent.Common.LucentExtensions::ForEach(System.Linq.Expressions.Expression,System.Linq.Expressions.ParameterExpression,System.Linq.Expressions.Expression)
FNDA:1,System.Linq.Expressions.Expression Lucent.Common.LucentExtensions::ForEach(System.Linq.Expressions.Expression,System.Linq.Expressions.ParameterExpression,System.Linq.Expressions.Expression)
DA:30,1
DA:31,1
DA:32,1
DA:33,1
DA:35,1
DA:36,1
DA:37,1
DA:39,1
DA:41,1
DA:43,1
DA:44,1
DA:45,1
DA:46,1
DA:47,1
DA:48,1
DA:49,1
DA:50,1
DA:51,1
DA:52,1
DA:53,1
DA:54,1
DA:55,1
DA:57,1
DA:58,1
FN:65,System.Func`2<Lucent.Common.OpenRTB.BidRequest,System.Boolean> Lucent.Common.LucentExtensions::GenerateCode(Lucent.Common.Entities.BidFilter)
FNDA:2,System.Func`2<Lucent.Common.OpenRTB.BidRequest,System.Boolean> Lucent.Common.LucentExtensions::GenerateCode(Lucent.Common.Entities.BidFilter)
DA:66,2
DA:68,2
DA:71,2
DA:74,2
DA:77,2
DA:78,2
DA:81,2
DA:82,1
DA:84,1
DA:85,1
DA:88,1
DA:89,1
DA:92,1
DA:93,1
DA:94,1
DA:97,2
DA:98,1
DA:100,1
DA:101,1
DA:102,1
DA:105,1
DA:106,1
DA:107,1
DA:108,1
DA:111,1
DA:112,1
DA:113,1
DA:115,2
DA:117,2
DA:119,2
DA:120,2
DA:121,2
DA:122,2
BRDA:81,85,0,1
BRDA:81,85,1,2
BRDA:97,215,0,1
BRDA:107,301,0,1
BRDA:107,301,1,1
BRDA:97,215,1,2
FN:130,System.Linq.Expressions.Expression Lucent.Common.LucentExtensions::CreateExpression(Lucent.Common.Filters.Filter,System.Linq.Expressions.Expression)
FNDA:3,System.Linq.Expressions.Expression Lucent.Common.LucentExtensions::CreateExpression(Lucent.Common.Filters.Filter,System.Linq.Expressions.Expression)
DA:131,3
DA:132,3
DA:134,3
DA:135,3
DA:138,0
DA:139,0
DA:141,0
DA:142,0
DA:144,0
DA:145,0
DA:147,0
DA:148,0
DA:150,0
DA:151,0
DA:158,0
DA:159,0
DA:161,0
DA:163,0
DA:165,0
DA:168,0
DA:169,0
DA:170,0
DA:172,3
DA:173,3
DA:176,3
DA:177,3
BRDA:135,26,1,0
BRDA:135,26,2,0
BRDA:135,26,3,0
BRDA:135,26,4,0
BRDA:135,26,5,0
BRDA:135,26,6,0
BRDA:135,26,7,0
BRDA:158,181,0,0
BRDA:158,181,1,0
BRDA:168,202,0,0
BRDA:135,26,0,3
BRDA:168,202,1,3
FN:185,System.Linq.Expressions.Expression Lucent.Common.LucentExtensions::CombineFilters(System.Collections.Generic.ICollection`1<Lucent.Common.Filters.Filter>,System.Linq.Expressions.Expression)
FNDA:3,System.Linq.Expressions.Expression Lucent.Common.LucentExtensions::CombineFilters(System.Collections.Generic.ICollection`1<Lucent.Common.Filters.Filter>,System.Linq.Expressions.Expression)
DA:186,3
DA:187,3
DA:189,15
DA:190,3
DA:191,3
DA:193,3
DA:194,3
DA:196,0
DA:197,3
DA:199,3
DA:200,3
BRDA:189,58,1,3
BRDA:193,37,0,3
BRDA:193,37,1,0
BRDA:189,58,0,3
FN:201,System.Void Lucent.Common.LucentExtensions::.cctor()
FNDA:1,System.Void Lucent.Common.LucentExtensions::.cctor()
DA:202,1
DA:203,184
DA:204,1
LF:97
LH:78
BRF:26
BRH:15
FNF:5
FNH:5
end_of_record
SF:/home/nnorthcutt/Code/github/telefrek/lucent-bidder/Common/Media/MediaExtensions.cs
FN:15,Microsoft.Extensions.DependencyInjection.IServiceCollection Lucent.Common.LucentExtensions::AddMediaScanner(Microsoft.Extensions.DependencyInjection.IServiceCollection,Microsoft.Extensions.Configuration.IConfiguration)
FNDA:0,Microsoft.Extensions.DependencyInjection.IServiceCollection Lucent.Common.LucentExtensions::AddMediaScanner(Microsoft.Extensions.DependencyInjection.IServiceCollection,Microsoft.Extensions.Configuration.IConfiguration)
DA:16,0
DA:17,0
DA:18,0
DA:19,0
DA:20,0
LF:5
LH:0
BRF:0
BRH:0
FNF:1
FNH:0
end_of_record
SF:/home/nnorthcutt/Code/github/telefrek/lucent-bidder/Common/Middleware/MiddlewareExtensions.cs
FN:14,System.Void Lucent.Common.LucentExtensions::UseLoadShedding(Microsoft.AspNetCore.Builder.IApplicationBuilder)
FNDA:0,System.Void Lucent.Common.LucentExtensions::UseLoadShedding(Microsoft.AspNetCore.Builder.IApplicationBuilder)
DA:15,0
FN:22,System.Void Lucent.Common.LucentExtensions::ConfigureLoadShedding(Microsoft.Extensions.DependencyInjection.IServiceCollection,Microsoft.Extensions.Configuration.IConfiguration)
FNDA:0,System.Void Lucent.Common.LucentExtensions::ConfigureLoadShedding(Microsoft.Extensions.DependencyInjection.IServiceCollection,Microsoft.Extensions.Configuration.IConfiguration)
DA:23,0
LF:2
LH:0
BRF:0
BRH:0
FNF:2
FNH:0
end_of_record
SF:/home/nnorthcutt/Code/github/telefrek/lucent-bidder/Common/Serialization/SerializationExtensions.cs
FN:24,System.Boolean Lucent.Common.LucentExtensions::IsNullOrDefault(T)
FNDA:188,System.Boolean Lucent.Common.LucentExtensions::IsNullOrDefault(T)
DA:25,188
DA:26,314
DA:27,69
DA:29,55
DA:30,55
DA:32,55
DA:33,55
DA:34,10
DA:35,10
DA:36,10
DA:37,0
DA:38,10
DA:40,55
DA:41,0
DA:42,0
DA:43,0
DA:46,55
DA:47,188
BRDA:26,12,0,126
BRDA:26,12,1,62
BRDA:27,51,0,7
BRDA:27,51,1,55
BRDA:30,87,0,0
BRDA:30,87,1,55
BRDA:33,130,0,10
BRDA:36,148,0,10
BRDA:36,148,1,0
BRDA:36,167,0,0
BRDA:36,167,1,10
BRDA:33,130,1,55
BRDA:40,180,0,10
BRDA:40,180,1,45
BRDA:40,196,0,0
BRDA:40,196,1,55
FN:55,System.Object Lucent.Common.LucentExtensions::UnwrapValue(T)
FNDA:0,System.Object Lucent.Common.LucentExtensions::UnwrapValue(T)
DA:56,0
DA:57,0
DA:58,0
DA:59,0
DA:61,0
DA:62,0
BRDA:58,23,0,0
BRDA:58,23,1,0
FN:70,System.Void Lucent.Common.LucentExtensions::SetWrapValue(System.Reflection.PropertyInfo,System.Object,System.Object)
FNDA:0,System.Void Lucent.Common.LucentExtensions::SetWrapValue(System.Reflection.PropertyInfo,System.Object,System.Object)
DA:71,0
DA:72,0
DA:73,0
DA:74,0
DA:75,0
DA:76,0
DA:77,0
DA:78,0
DA:80,0
DA:81,0
DA:82,0
DA:83,0
DA:84,0
DA:85,0
DA:86,0
DA:87,0
DA:88,0
DA:89,0
DA:90,0
DA:92,0
DA:93,0
BRDA:72,14,0,0
BRDA:74,90,1,0
BRDA:75,67,0,0
BRDA:75,67,1,0
BRDA:74,90,0,0
BRDA:72,14,1,0
BRDA:81,146,0,0
BRDA:81,146,1,0
BRDA:85,201,0,0
BRDA:85,201,1,0
BRDA:89,256,0,0
BRDA:89,256,1,0
LF:45
LH:14
BRF:30
BRH:12
FNF:3
FNH:1
end_of_record
SF:/home/nnorthcutt/Code/github/telefrek/lucent-bidder/Common/LucentDIExtensions.cs
FN:34,Microsoft.Extensions.DependencyInjection.IServiceCollection Lucent.Common.LucentDIExtensions::AddLucentServices(Microsoft.Extensions.DependencyInjection.IServiceCollection,Microsoft.Extensions.Configuration.IConfiguration,System.Boolean,System.Boolean,System.Boolean,System.Boolean,System.Boolean)
FNDA:9,Microsoft.Extensions.DependencyInjection.IServiceCollection Lucent.Common.LucentDIExtensions::AddLucentServices(Microsoft.Extensions.DependencyInjection.IServiceCollection,Microsoft.Extensions.Configuration.IConfiguration,System.Boolean,System.Boolean,System.Boolean,System.Boolean,System.Boolean)
DA:35,9
DA:37,9
DA:38,9
DA:40,9
DA:41,9
DA:42,1
DA:43,1
DA:44,1
DA:45,1
DA:46,1
DA:47,1
DA:48,1
DA:51,1
DA:52,1
DA:53,1
DA:54,1
DA:55,1
DA:56,1
DA:57,1
DA:58,1
DA:59,1
DA:60,1
DA:61,1
DA:62,1
DA:63,1
DA:64,1
DA:65,1
DA:66,1
DA:67,1
DA:68,1
DA:69,1
DA:70,1
DA:71,1
DA:72,1
DA:73,1
DA:74,1
DA:75,1
DA:78,1
DA:79,1
DA:80,1
DA:81,1
DA:82,1
DA:83,1
DA:84,1
DA:85,1
DA:86,1
DA:87,1
DA:88,1
DA:89,1
DA:90,1
DA:91,1
DA:92,1
DA:93,1
DA:94,1
DA:95,1
DA:96,1
DA:97,1
DA:98,1
DA:99,1
DA:100,1
DA:101,1
DA:102,1
DA:103,1
DA:104,1
DA:107,9
DA:108,9
DA:109,9
DA:110,9
DA:111,9
DA:113,0
DA:115,0
DA:116,0
DA:118,0
DA:119,0
DA:120,0
DA:122,9
DA:123,0
DA:124,0
DA:125,0
DA:126,0
DA:128,9
DA:129,2
DA:130,2
DA:131,2
DA:132,2
DA:134,9
DA:135,0
DA:137,0
DA:139,9
DA:140,0
DA:142,0
DA:144,9
DA:145,9
BRDA:41,36,0,1
BRDA:41,36,1,9
BRDA:107,730,0,9
BRDA:107,730,1,0
BRDA:122,801,0,0
BRDA:122,801,1,9
BRDA:128,834,0,2
BRDA:128,834,1,9
BRDA:134,856,0,0
BRDA:134,856,1,9
BRDA:139,866,0,0
BRDA:139,866,1,9
LF:93
LH:79
BRF:12
BRH:8
FNF:1
FNH:1
end_of_record
SF:/home/nnorthcutt/Code/github/telefrek/lucent-bidder/Common/LucentException.cs
FN:13,System.Void Lucent.Common.LucentException::.ctor()
FNDA:0,System.Void Lucent.Common.LucentException::.ctor()
DA:14,0
DA:15,0
DA:16,0
FN:21,System.Void Lucent.Common.LucentException::.ctor(System.String)
FNDA:0,System.Void Lucent.Common.LucentException::.ctor(System.String)
DA:22,0
DA:23,0
DA:24,0
FN:30,System.Void Lucent.Common.LucentException::.ctor(System.String,System.Exception)
FNDA:0,System.Void Lucent.Common.LucentException::.ctor(System.String,System.Exception)
DA:31,0
DA:32,0
DA:33,0
LF:9
LH:0
BRF:0
BRH:0
FNF:3
FNH:0
end_of_record
SF:/home/nnorthcutt/Code/github/telefrek/lucent-bidder/Common/SequentialGuid.cs
FN:44,System.Guid Lucent.Common.SequentialGuid::NextGuid()
FNDA:7,System.Guid Lucent.Common.SequentialGuid::NextGuid()
DA:45,7
DA:46,7
DA:47,7
DA:50,7
DA:51,7
DA:53,7
DA:54,7
DA:55,7
DA:56,0
DA:58,7
DA:59,7
DA:61,7
DA:62,7
DA:63,7
DA:64,7
DA:65,7
DA:66,7
DA:67,7
DA:68,7
DA:69,7
DA:70,7
DA:71,7
DA:72,7
DA:73,7
BRDA:55,62,0,0
BRDA:55,62,1,7
FN:82,System.Void Lucent.Common.SequentialGuid::Reset()
FNDA:0,System.Void Lucent.Common.SequentialGuid::Reset()
DA:83,0
DA:85,0
DA:86,0
DA:88,0
DA:89,0
DA:92,0
DA:93,0
DA:95,0
DA:96,0
DA:97,0
DA:98,0
FN:20,System.Void Lucent.Common.SequentialGuid::.cctor()
FNDA:1,System.Void Lucent.Common.SequentialGuid::.cctor()
DA:21,1
DA:29,1
DA:30,1
DA:31,1
DA:32,1
DA:33,1
DA:34,1
DA:37,1
DA:38,1
LF:44
LH:32
BRF:2
BRH:1
FNF:3
FNH:2
end_of_record
SF:/home/nnorthcutt/Code/github/telefrek/lucent-bidder/Common/Storage/CassandraConfiguration.cs
FN:13,System.String Lucent.Common.Storage.CassandraConfiguration::get_Endpoint()
FNDA:0,System.String Lucent.Common.Storage.CassandraConfiguration::get_Endpoint()
DA:14,0
FN:19,System.String Lucent.Common.Storage.CassandraConfiguration::get_Keyspace()
FNDA:0,System.String Lucent.Common.Storage.CassandraConfiguration::get_Keyspace()
DA:20,0
FN:25,System.String Lucent.Common.Storage.CassandraConfiguration::get_User()
FNDA:0,System.String Lucent.Common.Storage.CassandraConfiguration::get_User()
DA:26,0
FN:31,System.String Lucent.Common.Storage.CassandraConfiguration::get_Credentials()
FNDA:0,System.String Lucent.Common.Storage.CassandraConfiguration::get_Credentials()
DA:32,0
FN:37,Lucent.Common.Serialization.SerializationFormat Lucent.Common.Storage.CassandraConfiguration::get_Format()
FNDA:0,Lucent.Common.Serialization.SerializationFormat Lucent.Common.Storage.CassandraConfiguration::get_Format()
DA:38,0
LF:5
LH:0
BRF:0
BRH:0
FNF:5
FNH:0
end_of_record
SF:/home/nnorthcutt/Code/github/telefrek/lucent-bidder/Common/Storage/CassandraRepository.cs
FN:42,System.Void Lucent.Common.Storage.CassandraRepository`1::.ctor(Cassandra.ISession,Lucent.Common.Serialization.SerializationFormat,Lucent.Common.Serialization.ISerializationContext,Microsoft.Extensions.Logging.ILogger)
FNDA:0,System.Void Lucent.Common.Storage.CassandraRepository`1::.ctor(Cassandra.ISession,Lucent.Common.Serialization.SerializationFormat,Lucent.Common.Serialization.ISerializationContext,Microsoft.Extensions.Logging.ILogger)
DA:43,0
DA:44,0
DA:45,0
DA:46,0
DA:47,0
DA:48,0
DA:49,0
DA:51,0
DA:54,0
DA:56,0
DA:57,0
DA:60,0
DA:63,0
DA:64,0
FN:67,System.Void Lucent.Common.Storage.CassandraRepository`1/<Get>d__11::MoveNext()
FNDA:0,System.Void Lucent.Common.Storage.CassandraRepository`1/<Get>d__11::MoveNext()
DA:68,0
DA:69,0
DA:71,0
DA:72,0
DA:73,0
DA:74,0
DA:75,0
DA:76,0
DA:77,0
DA:78,0
DA:79,0
DA:80,0
DA:81,0
DA:82,0
DA:83,0
DA:84,0
DA:86,0
DA:87,0
DA:89,0
DA:90,0
DA:91,0
DA:92,0
DA:93,0
DA:94,0
DA:95,0
DA:96,0
DA:97,0
DA:98,0
DA:99,0
DA:100,0
DA:101,0
DA:102,0
DA:103,0
DA:105,0
DA:106,0
DA:108,0
DA:109,0
DA:110,0
DA:111,0
DA:113,0
DA:114,0
DA:115,0
DA:117,0
DA:118,0
DA:119,0
DA:120,0
DA:121,0
DA:122,0
DA:123,0
DA:124,0
DA:125,0
DA:126,0
DA:127,0
DA:128,0
DA:129,0
DA:130,0
DA:131,0
DA:132,0
DA:133,0
DA:134,0
DA:135,0
DA:136,0
DA:137,0
DA:138,0
DA:140,0
DA:141,0
BRDA:69,29,0,0
BRDA:69,35,0,0
BRDA:72,87,0,0
BRDA:69,29,1,0
BRDA:72,87,1,0
BRDA:69,35,1,0
BRDA:72,191,0,0
BRDA:72,191,1,0
BRDA:75,225,0,0
BRDA:77,843,1,0
BRDA:79,270,0,0
BRDA:81,712,1,0
BRDA:93,451,0,0
BRDA:93,451,1,0
BRDA:81,692,0,0
BRDA:81,692,1,0
BRDA:81,712,0,0
BRDA:79,270,1,0
BRDA:105,745,0,0
BRDA:75,225,1,0
BRDA:105,745,1,0
BRDA:108,1298,1,0
BRDA:121,1038,0,0
BRDA:121,1038,1,0
BRDA:77,843,0,0
BRDA:108,1298,0,0
FN:144,System.Void Lucent.Common.Storage.CassandraRepository`1/<Get>d__12::MoveNext()
FNDA:0,System.Void Lucent.Common.Storage.CassandraRepository`1/<Get>d__12::MoveNext()
DA:145,0
DA:147,0
DA:148,0
DA:149,0
DA:150,0
DA:151,0
DA:152,0
DA:153,0
DA:154,0
DA:155,0
DA:156,0
DA:157,0
DA:158,0
DA:159,0
DA:160,0
DA:162,0
DA:163,0
DA:165,0
DA:166,0
DA:167,0
DA:168,0
DA:169,0
DA:170,0
DA:171,0
DA:172,0
DA:173,0
DA:174,0
DA:176,0
DA:177,0
DA:178,0
DA:179,0
DA:181,0
DA:182,0
DA:184,0
DA:185,0
DA:186,0
DA:187,0
DA:189,0
DA:190,0
DA:192,0
DA:193,0
DA:194,0
DA:195,0
DA:196,0
DA:197,0
DA:198,0
DA:199,0
DA:200,0
DA:201,0
DA:203,0
DA:204,0
DA:205,0
DA:206,0
DA:207,0
DA:208,0
DA:209,0
DA:210,0
DA:211,0
DA:212,0
DA:214,0
DA:215,0
BRDA:145,18,0,0
BRDA:145,24,0,0
BRDA:148,96,0,0
BRDA:145,18,1,0
BRDA:148,96,1,0
BRDA:145,24,1,0
BRDA:148,200,0,0
BRDA:148,200,1,0
BRDA:151,234,0,0
BRDA:153,833,1,0
BRDA:155,279,0,0
BRDA:157,702,1,0
BRDA:169,460,0,0
BRDA:169,460,1,0
BRDA:157,682,0,0
BRDA:157,682,1,0
BRDA:157,702,0,0
BRDA:155,279,1,0
BRDA:181,735,0,0
BRDA:151,234,1,0
BRDA:181,735,1,0
BRDA:184,1213,1,0
BRDA:196,1006,0,0
BRDA:196,1006,1,0
BRDA:153,833,0,0
BRDA:184,1213,0,0
FN:218,System.Void Lucent.Common.Storage.CassandraRepository`1/<TryInsert>d__13::MoveNext()
FNDA:0,System.Void Lucent.Common.Storage.CassandraRepository`1/<TryInsert>d__13::MoveNext()
DA:219,0
DA:220,0
DA:222,0
DA:223,0
DA:224,0
DA:225,0
DA:226,0
DA:227,0
DA:228,0
DA:229,0
DA:230,0
DA:232,0
DA:233,0
DA:234,0
DA:236,0
DA:238,0
DA:240,0
DA:242,0
DA:243,0
DA:244,0
DA:245,0
DA:247,0
DA:248,0
BRDA:220,44,0,0
BRDA:238,418,0,0
BRDA:220,44,1,0
BRDA:238,418,1,0
FN:251,System.Void Lucent.Common.Storage.CassandraRepository`1/<TryRemove>d__14::MoveNext()
FNDA:0,System.Void Lucent.Common.Storage.CassandraRepository`1/<TryRemove>d__14::MoveNext()
DA:252,0
DA:254,0
DA:255,0
DA:257,0
DA:259,0
DA:260,0
DA:261,0
DA:262,0
DA:264,0
DA:265,0
BRDA:252,17,0,0
BRDA:255,118,0,0
BRDA:252,17,1,0
BRDA:255,118,1,0
FN:268,System.Void Lucent.Common.Storage.CassandraRepository`1/<TryUpdate>d__15::MoveNext()
FNDA:0,System.Void Lucent.Common.Storage.CassandraRepository`1/<TryUpdate>d__15::MoveNext()
DA:269,0
DA:270,0
DA:272,0
DA:273,0
DA:274,0
DA:275,0
DA:276,0
DA:277,0
DA:278,0
DA:279,0
DA:281,0
DA:282,0
DA:283,0
DA:285,0
DA:287,0
DA:289,0
DA:291,0
DA:292,0
DA:293,0
DA:294,0
DA:295,0
DA:297,0
DA:298,0
BRDA:270,40,0,0
BRDA:287,411,0,0
BRDA:270,40,1,0
BRDA:287,411,1,0
LF:197
LH:0
BRF:64
BRH:0
FNF:6
FNH:0
end_of_record
SF:/home/nnorthcutt/Code/github/telefrek/lucent-bidder/Common/Storage/CassandraStorageManager.cs
FN:52,Lucent.Common.Storage.ILucentRepository`1<T> Lucent.Common.Storage.CassandraStorageManager::GetRepository()
FNDA:0,Lucent.Common.Storage.ILucentRepository`1<T> Lucent.Common.Storage.CassandraStorageManager::GetRepository()
DA:53,0
FN:29,System.Void Lucent.Common.Storage.CassandraStorageManager::.ctor(Lucent.Common.Serialization.ISerializationContext,Microsoft.Extensions.Options.IOptions`1<Lucent.Common.Storage.CassandraConfiguration>,Microsoft.Extensions.Logging.ILogger`1<Lucent.Common.Storage.CassandraStorageManager>)
FNDA:0,System.Void Lucent.Common.Storage.CassandraStorageManager::.ctor(Lucent.Common.Serialization.ISerializationContext,Microsoft.Extensions.Options.IOptions`1<Lucent.Common.Storage.CassandraConfiguration>,Microsoft.Extensions.Logging.ILogger`1<Lucent.Common.Storage.CassandraStorageManager>)
DA:30,0
DA:31,0
DA:32,0
DA:33,0
DA:34,0
DA:35,0
DA:36,0
DA:37,0
DA:38,0
DA:39,0
DA:40,0
DA:41,0
DA:42,0
DA:43,0
DA:44,0
DA:45,0
DA:46,0
LF:18
LH:0
BRF:0
BRH:0
FNF:2
FNH:0
end_of_record
SF:/home/nnorthcutt/Code/github/telefrek/lucent-bidder/Common/Storage/InMemoryStorage.cs
FN:17,Lucent.Common.Storage.ILucentRepository`1<T> Lucent.Common.Storage.InMemoryStorage::GetRepository()
FNDA:12,Lucent.Common.Storage.ILucentRepository`1<T> Lucent.Common.Storage.InMemoryStorage::GetRepository()
DA:18,12
DA:19,12
DA:20,12
DA:21,12
DA:22,3
DA:24,12
DA:25,12
DA:26,12
DA:27,12
DA:29,12
BRDA:21,46,0,3
BRDA:21,46,1,12
FN:12,System.Void Lucent.Common.Storage.InMemoryStorage::.ctor()
FNDA:3,System.Void Lucent.Common.Storage.InMemoryStorage::.ctor()
DA:13,3
DA:14,3
FN:40,System.Collections.Generic.List`1<T> Lucent.Common.Storage.InMemoryStorage/InMemoryRepository`1::get_Entities()
FNDA:37,System.Collections.Generic.List`1<T> Lucent.Common.Storage.InMemoryStorage/InMemoryRepository`1::get_Entities()
DA:41,37
FN:43,System.Threading.Tasks.Task`1<System.Collections.Generic.ICollection`1<T>> Lucent.Common.Storage.InMemoryStorage/InMemoryRepository`1::Get()
FNDA:6,System.Threading.Tasks.Task`1<System.Collections.Generic.ICollection`1<T>> Lucent.Common.Storage.InMemoryStorage/InMemoryRepository`1::Get()
DA:44,6
FN:46,System.Threading.Tasks.Task`1<T> Lucent.Common.Storage.InMemoryStorage/InMemoryRepository`1::Get(System.String)
FNDA:12,System.Threading.Tasks.Task`1<T> Lucent.Common.Storage.InMemoryStorage/InMemoryRepository`1::Get(System.String)
DA:47,12
FN:50,System.Threading.Tasks.Task`1<System.Boolean> Lucent.Common.Storage.InMemoryStorage/InMemoryRepository`1::TryInsert(T)
FNDA:4,System.Threading.Tasks.Task`1<System.Boolean> Lucent.Common.Storage.InMemoryStorage/InMemoryRepository`1::TryInsert(T)
DA:51,4
DA:52,4
DA:53,4
DA:54,4
DA:55,4
DA:58,0
DA:59,4
BRDA:52,42,0,4
BRDA:52,42,1,0
FN:61,System.Threading.Tasks.Task`1<System.Boolean> Lucent.Common.Storage.InMemoryStorage/InMemoryRepository`1::TryRemove(T)
FNDA:4,System.Threading.Tasks.Task`1<System.Boolean> Lucent.Common.Storage.InMemoryStorage/InMemoryRepository`1::TryRemove(T)
DA:62,4
BRDA:62,36,0,2
BRDA:62,36,1,2
FN:64,System.Void Lucent.Common.Storage.InMemoryStorage/InMemoryRepository`1/<TryUpdate>d__8::MoveNext()
FNDA:1,System.Void Lucent.Common.Storage.InMemoryStorage/InMemoryRepository`1/<TryUpdate>d__8::MoveNext()
DA:65,1
BRDA:65,14,0,1
BRDA:65,55,1,1
BRDA:65,143,0,1
BRDA:65,176,1,1
LF:24
LH:23
BRF:10
BRH:9
FNF:8
FNH:8
end_of_record
SF:/home/nnorthcutt/Code/github/telefrek/lucent-bidder/Common/Serialization/ISerializationRegistry.cs
FN:40,System.Void Lucent.Common.Serialization.ISerializationRegistryExtensions::Guard(Lucent.Common.Serialization.ISerializationRegistry)
FNDA:0,System.Void Lucent.Common.Serialization.ISerializationRegistryExtensions::Guard(Lucent.Common.Serialization.ISerializationRegistry)
DA:41,0
DA:42,0
DA:43,0
DA:44,0
BRDA:42,12,0,0
BRDA:42,12,1,0
LF:4
LH:0
BRF:2
BRH:0
FNF:1
FNH:0
end_of_record
SF:/home/nnorthcutt/Code/github/telefrek/lucent-bidder/Common/Serialization/LucentSerializationContext.cs
FN:32,Lucent.Common.Serialization.ISerializationStreamReader Lucent.Common.Serialization.LucentSerializationContext::CreateReader(System.IO.Stream,System.Boolean,Lucent.Common.Serialization.SerializationFormat)
FNDA:6,Lucent.Common.Serialization.ISerializationStreamReader Lucent.Common.Serialization.LucentSerializationContext::CreateReader(System.IO.Stream,System.Boolean,Lucent.Common.Serialization.SerializationFormat)
DA:33,6
DA:34,6
DA:35,0
DA:37,6
DA:38,1
DA:40,5
DA:41,6
BRDA:34,20,0,0
BRDA:34,20,1,6
BRDA:37,51,0,1
BRDA:37,51,1,5
FN:44,Lucent.Common.Serialization.ISerializationStream Lucent.Common.Serialization.LucentSerializationContext::CreateStream(Lucent.Common.Serialization.SerializationFormat)
FNDA:0,Lucent.Common.Serialization.ISerializationStream Lucent.Common.Serialization.LucentSerializationContext::CreateStream(Lucent.Common.Serialization.SerializationFormat)
DA:45,0
FN:48,Lucent.Common.Serialization.ISerializationStreamWriter Lucent.Common.Serialization.LucentSerializationContext::CreateWriter(System.IO.Stream,System.Boolean,Lucent.Common.Serialization.SerializationFormat)
FNDA:7,Lucent.Common.Serialization.ISerializationStreamWriter Lucent.Common.Serialization.LucentSerializationContext::CreateWriter(System.IO.Stream,System.Boolean,Lucent.Common.Serialization.SerializationFormat)
DA:49,7
DA:50,7
DA:51,0
DA:53,7
DA:54,1
DA:56,6
DA:57,7
BRDA:50,20,0,0
BRDA:50,20,1,7
BRDA:53,51,0,1
BRDA:53,51,1,6
FN:60,Lucent.Common.Serialization.ISerializationStream Lucent.Common.Serialization.LucentSerializationContext::WrapStream(System.IO.Stream,System.Boolean,Lucent.Common.Serialization.SerializationFormat)
FNDA:4,Lucent.Common.Serialization.ISerializationStream Lucent.Common.Serialization.LucentSerializationContext::WrapStream(System.IO.Stream,System.Boolean,Lucent.Common.Serialization.SerializationFormat)
DA:61,4
FN:24,System.Void Lucent.Common.Serialization.LucentSerializationContext::.ctor(Lucent.Common.Serialization.ISerializationRegistry,Microsoft.Extensions.Logging.ILogger`1<Lucent.Common.Serialization.LucentSerializationContext>)
FNDA:7,System.Void Lucent.Common.Serialization.LucentSerializationContext::.ctor(Lucent.Common.Serialization.ISerializationRegistry,Microsoft.Extensions.Logging.ILogger`1<Lucent.Common.Serialization.LucentSerializationContext>)
DA:25,7
DA:26,7
DA:27,7
DA:28,7
DA:29,7
LF:21
LH:18
BRF:8
BRH:6
FNF:5
FNH:4
end_of_record
SF:/home/nnorthcutt/Code/github/telefrek/lucent-bidder/Common/Serialization/PropertyId.cs
FN:11,System.String Lucent.Common.Serialization.PropertyId::get_Name()
FNDA:716,System.String Lucent.Common.Serialization.PropertyId::get_Name()
DA:12,716
FN:17,System.UInt64 Lucent.Common.Serialization.PropertyId::get_Id()
FNDA:239,System.UInt64 Lucent.Common.Serialization.PropertyId::get_Id()
DA:18,239
FN:23,Lucent.Common.Serialization.PropertyId Lucent.Common.Serialization.PropertyId::op_Implicit(System.UInt64)
FNDA:0,Lucent.Common.Serialization.PropertyId Lucent.Common.Serialization.PropertyId::op_Implicit(System.UInt64)
DA:24,0
FN:29,Lucent.Common.Serialization.PropertyId Lucent.Common.Serialization.PropertyId::op_Implicit(System.String)
FNDA:0,Lucent.Common.Serialization.PropertyId Lucent.Common.Serialization.PropertyId::op_Implicit(System.String)
DA:30,0
LF:4
LH:2
BRF:0
BRH:0
FNF:4
FNH:2
end_of_record
SF:/home/nnorthcutt/Code/github/telefrek/lucent-bidder/Common/Serialization/SerializationException.cs
FN:13,System.Void Lucent.Common.Serialization.SerializationException::.ctor()
FNDA:0,System.Void Lucent.Common.Serialization.SerializationException::.ctor()
DA:14,0
DA:15,0
DA:16,0
FN:21,System.Void Lucent.Common.Serialization.SerializationException::.ctor(System.String)
FNDA:0,System.Void Lucent.Common.Serialization.SerializationException::.ctor(System.String)
DA:22,0
DA:23,0
DA:24,0
FN:30,System.Void Lucent.Common.Serialization.SerializationException::.ctor(System.String,System.Exception)
FNDA:0,System.Void Lucent.Common.Serialization.SerializationException::.ctor(System.String,System.Exception)
DA:31,0
DA:32,0
DA:33,0
LF:9
LH:0
BRF:0
BRH:0
FNF:3
FNH:0
end_of_record
SF:/home/nnorthcutt/Code/github/telefrek/lucent-bidder/Common/Serialization/SerializationRegistry.cs
FN:31,Lucent.Common.Serialization.IEntitySerializer`1<T> Lucent.Common.Serialization.SerializationRegistry::GetSerializer()
FNDA:32,Lucent.Common.Serialization.IEntitySerializer`1<T> Lucent.Common.Serialization.SerializationRegistry::GetSerializer()
DA:32,32
FN:38,System.Boolean Lucent.Common.Serialization.SerializationRegistry::IsSerializerRegisterred()
FNDA:9,System.Boolean Lucent.Common.Serialization.SerializationRegistry::IsSerializerRegisterred()
DA:39,9
FN:46,System.Void Lucent.Common.Serialization.SerializationRegistry::Register(Lucent.Common.Serialization.IEntitySerializer`1<T>)
FNDA:57,System.Void Lucent.Common.Serialization.SerializationRegistry::Register(Lucent.Common.Serialization.IEntitySerializer`1<T>)
DA:47,57
DA:48,57
DA:49,57
DA:50,57
DA:51,57
DA:52,57
DA:53,57
FN:21,System.Void Lucent.Common.Serialization.SerializationRegistry::.ctor(Microsoft.Extensions.Logging.ILogger`1<Lucent.Common.Serialization.SerializationRegistry>)
FNDA:16,System.Void Lucent.Common.Serialization.SerializationRegistry::.ctor(Microsoft.Extensions.Logging.ILogger`1<Lucent.Common.Serialization.SerializationRegistry>)
DA:22,16
DA:23,16
DA:24,16
DA:25,16
FN:13,System.Void Lucent.Common.Serialization.SerializationRegistry::.cctor()
FNDA:1,System.Void Lucent.Common.Serialization.SerializationRegistry::.cctor()
DA:14,1
LF:14
LH:14
BRF:0
BRH:0
FNF:5
FNH:5
end_of_record
SF:/home/nnorthcutt/Code/github/telefrek/lucent-bidder/Common/Serialization/SerializationStream.cs
FN:41,Lucent.Common.Serialization.SerializationFormat Lucent.Common.Serialization.SerializationStream::get_Format()
FNDA:0,Lucent.Common.Serialization.SerializationFormat Lucent.Common.Serialization.SerializationStream::get_Format()
DA:42,0
FN:49,Lucent.Common.Serialization.ISerializationStreamReader Lucent.Common.Serialization.SerializationStream::get_Reader()
FNDA:0,Lucent.Common.Serialization.ISerializationStreamReader Lucent.Common.Serialization.SerializationStream::get_Reader()
DA:50,0
FN:58,Lucent.Common.Serialization.ISerializationStreamWriter Lucent.Common.Serialization.SerializationStream::get_Writer()
FNDA:4,Lucent.Common.Serialization.ISerializationStreamWriter Lucent.Common.Serialization.SerializationStream::get_Writer()
DA:59,4
FN:30,System.Void Lucent.Common.Serialization.SerializationStream::.ctor(System.IO.Stream,Lucent.Common.Serialization.SerializationFormat,Lucent.Common.Serialization.ISerializationContext,System.Boolean)
FNDA:4,System.Void Lucent.Common.Serialization.SerializationStream::.ctor(System.IO.Stream,Lucent.Common.Serialization.SerializationFormat,Lucent.Common.Serialization.ISerializationContext,System.Boolean)
DA:31,4
DA:32,4
DA:33,4
DA:34,4
DA:35,4
DA:36,4
DA:37,4
LF:10
LH:8
BRF:0
BRH:0
FNF:4
FNH:2
end_of_record
SF:/home/nnorthcutt/Code/github/telefrek/lucent-bidder/Common/Serialization/Protobuf/ProtobufSerializationStreamReader.cs
FN:39,Lucent.Common.Serialization.SerializationToken Lucent.Common.Serialization.Protobuf.ProtobufSerializationStreamReader::get_Token()
FNDA:0,Lucent.Common.Serialization.SerializationToken Lucent.Common.Serialization.Protobuf.ProtobufSerializationStreamReader::get_Token()
DA:40,0
FN:44,Lucent.Common.Serialization.PropertyId Lucent.Common.Serialization.Protobuf.ProtobufSerializationStreamReader::get_Id()
FNDA:0,Lucent.Common.Serialization.PropertyId Lucent.Common.Serialization.Protobuf.ProtobufSerializationStreamReader::get_Id()
DA:45,0
FN:52,System.Threading.Tasks.Task Lucent.Common.Serialization.Protobuf.ProtobufSerializationStreamReader::updateTokenAsync()
FNDA:0,System.Threading.Tasks.Task Lucent.Common.Serialization.Protobuf.ProtobufSerializationStreamReader::updateTokenAsync()
DA:53,0
DA:55,0
DA:62,0
DA:63,0
DA:65,0
DA:66,0
DA:68,0
DA:69,0
DA:72,0
DA:73,0
BRDA:55,14,1,0
BRDA:55,14,2,0
BRDA:55,14,6,0
BRDA:55,14,3,0
BRDA:55,14,0,0
BRDA:55,14,4,0
BRDA:55,14,5,0
FN:78,System.Void Lucent.Common.Serialization.Protobuf.ProtobufSerializationStreamReader::updateToken()
FNDA:0,System.Void Lucent.Common.Serialization.Protobuf.ProtobufSerializationStreamReader::updateToken()
DA:79,0
DA:81,0
DA:88,0
DA:89,0
DA:91,0
DA:92,0
DA:94,0
DA:95,0
DA:97,0
BRDA:81,14,1,0
BRDA:81,14,2,0
BRDA:81,14,6,0
BRDA:81,14,3,0
BRDA:81,14,0,0
BRDA:81,14,4,0
BRDA:81,14,5,0
FN:103,System.Boolean Lucent.Common.Serialization.Protobuf.ProtobufSerializationStreamReader::HasNext()
FNDA:0,System.Boolean Lucent.Common.Serialization.Protobuf.ProtobufSerializationStreamReader::HasNext()
DA:104,0
DA:105,0
DA:106,0
DA:108,0
DA:109,0
DA:110,0
DA:111,0
DA:114,0
DA:115,0
DA:116,0
BRDA:105,12,0,0
BRDA:105,12,1,0
BRDA:105,33,0,0
BRDA:105,33,1,0
BRDA:108,50,0,0
BRDA:108,50,1,0
BRDA:108,68,0,0
BRDA:108,68,1,0
FN:142,T Lucent.Common.Serialization.Protobuf.ProtobufSerializationStreamReader::ReadAs()
FNDA:0,T Lucent.Common.Serialization.Protobuf.ProtobufSerializationStreamReader::ReadAs()
DA:143,0
DA:144,0
DA:146,0
DA:147,0
FN:154,T[] Lucent.Common.Serialization.Protobuf.ProtobufSerializationStreamReader::ReadAsArray()
FNDA:0,T[] Lucent.Common.Serialization.Protobuf.ProtobufSerializationStreamReader::ReadAsArray()
DA:155,0
DA:156,0
DA:159,0
DA:160,0
DA:163,0
DA:164,0
DA:167,0
DA:168,0
DA:171,0
DA:172,0
BRDA:167,90,1,0
BRDA:167,90,0,0
FN:215,System.Boolean Lucent.Common.Serialization.Protobuf.ProtobufSerializationStreamReader::ReadBoolean()
FNDA:0,System.Boolean Lucent.Common.Serialization.Protobuf.ProtobufSerializationStreamReader::ReadBoolean()
DA:216,0
DA:217,0
DA:218,0
FN:233,System.Double Lucent.Common.Serialization.Protobuf.ProtobufSerializationStreamReader::ReadDouble()
FNDA:0,System.Double Lucent.Common.Serialization.Protobuf.ProtobufSerializationStreamReader::ReadDouble()
DA:234,0
DA:235,0
DA:236,0
FN:251,System.Int32 Lucent.Common.Serialization.Protobuf.ProtobufSerializationStreamReader::ReadInt()
FNDA:0,System.Int32 Lucent.Common.Serialization.Protobuf.ProtobufSerializationStreamReader::ReadInt()
DA:252,0
DA:253,0
DA:254,0
FN:269,System.Int64 Lucent.Common.Serialization.Protobuf.ProtobufSerializationStreamReader::ReadLong()
FNDA:0,System.Int64 Lucent.Common.Serialization.Protobuf.ProtobufSerializationStreamReader::ReadLong()
DA:270,0
DA:271,0
DA:272,0
FN:287,System.DateTime Lucent.Common.Serialization.Protobuf.ProtobufSerializationStreamReader::ReadDateTime()
FNDA:1,System.DateTime Lucent.Common.Serialization.Protobuf.ProtobufSerializationStreamReader::ReadDateTime()
DA:288,1
DA:289,1
DA:290,1
FN:306,System.Guid Lucent.Common.Serialization.Protobuf.ProtobufSerializationStreamReader::ReadGuid()
FNDA:0,System.Guid Lucent.Common.Serialization.Protobuf.ProtobufSerializationStreamReader::ReadGuid()
DA:307,0
DA:308,0
DA:309,0
FN:324,System.Single Lucent.Common.Serialization.Protobuf.ProtobufSerializationStreamReader::ReadSingle()
FNDA:0,System.Single Lucent.Common.Serialization.Protobuf.ProtobufSerializationStreamReader::ReadSingle()
DA:325,0
DA:326,0
DA:327,0
FN:342,System.String Lucent.Common.Serialization.Protobuf.ProtobufSerializationStreamReader::ReadString()
FNDA:0,System.String Lucent.Common.Serialization.Protobuf.ProtobufSerializationStreamReader::ReadString()
DA:343,0
DA:344,0
DA:345,0
FN:351,System.String[] Lucent.Common.Serialization.Protobuf.ProtobufSerializationStreamReader::ReadStringArray()
FNDA:0,System.String[] Lucent.Common.Serialization.Protobuf.ProtobufSerializationStreamReader::ReadStringArray()
DA:352,0
DA:354,0
DA:357,0
DA:360,0
DA:361,0
DA:364,0
DA:365,0
BRDA:360,45,1,0
BRDA:360,45,0,0
FN:400,System.UInt32 Lucent.Common.Serialization.Protobuf.ProtobufSerializationStreamReader::ReadUInt()
FNDA:0,System.UInt32 Lucent.Common.Serialization.Protobuf.ProtobufSerializationStreamReader::ReadUInt()
DA:401,0
DA:402,0
DA:403,0
FN:418,System.UInt64 Lucent.Common.Serialization.Protobuf.ProtobufSerializationStreamReader::ReadULong()
FNDA:0,System.UInt64 Lucent.Common.Serialization.Protobuf.ProtobufSerializationStreamReader::ReadULong()
DA:419,0
DA:420,0
DA:421,0
FN:435,System.Void Lucent.Common.Serialization.Protobuf.ProtobufSerializationStreamReader::Skip()
FNDA:0,System.Void Lucent.Common.Serialization.Protobuf.ProtobufSerializationStreamReader::Skip()
DA:436,0
DA:437,0
DA:438,0
FN:453,System.Boolean Lucent.Common.Serialization.Protobuf.ProtobufSerializationStreamReader::HasMoreProperties()
FNDA:0,System.Boolean Lucent.Common.Serialization.Protobuf.ProtobufSerializationStreamReader::HasMoreProperties()
DA:454,0
DA:455,0
DA:456,0
BRDA:455,13,0,0
BRDA:455,13,1,0
FN:470,System.Boolean Lucent.Common.Serialization.Protobuf.ProtobufSerializationStreamReader::StartObject()
FNDA:0,System.Boolean Lucent.Common.Serialization.Protobuf.ProtobufSerializationStreamReader::StartObject()
DA:471,0
FN:476,System.Threading.Tasks.Task`1<System.Boolean> Lucent.Common.Serialization.Protobuf.ProtobufSerializationStreamReader::StartObjectAsync()
FNDA:0,System.Threading.Tasks.Task`1<System.Boolean> Lucent.Common.Serialization.Protobuf.ProtobufSerializationStreamReader::StartObjectAsync()
DA:477,0
FN:486,System.Void Lucent.Common.Serialization.Protobuf.ProtobufSerializationStreamReader::_Dispose(System.Boolean)
FNDA:1,System.Void Lucent.Common.Serialization.Protobuf.ProtobufSerializationStreamReader::_Dispose(System.Boolean)
DA:487,1
DA:488,1
DA:489,1
DA:490,1
DA:491,1
DA:492,1
DA:493,1
DA:495,1
DA:496,1
DA:497,1
BRDA:488,12,0,1
BRDA:490,18,0,1
BRDA:490,18,1,1
BRDA:488,12,1,1
FN:502,System.Void Lucent.Common.Serialization.Protobuf.ProtobufSerializationStreamReader::Finalize()
FNDA:0,System.Void Lucent.Common.Serialization.Protobuf.ProtobufSerializationStreamReader::Finalize()
DA:503,0
DA:504,0
DA:505,0
FN:510,System.Void Lucent.Common.Serialization.Protobuf.ProtobufSerializationStreamReader::System.IDisposable.Dispose()
FNDA:1,System.Void Lucent.Common.Serialization.Protobuf.ProtobufSerializationStreamReader::System.IDisposable.Dispose()
DA:511,1
DA:512,1
DA:513,1
DA:514,1
FN:27,System.Void Lucent.Common.Serialization.Protobuf.ProtobufSerializationStreamReader::.ctor(Lucent.Common.Protobuf.ProtobufReader,Lucent.Common.Serialization.ISerializationRegistry,Microsoft.Extensions.Logging.ILogger)
FNDA:1,System.Void Lucent.Common.Serialization.Protobuf.ProtobufSerializationStreamReader::.ctor(Lucent.Common.Protobuf.ProtobufReader,Lucent.Common.Serialization.ISerializationRegistry,Microsoft.Extensions.Logging.ILogger)
DA:28,1
DA:29,1
DA:30,1
DA:31,1
DA:32,1
DA:33,1
DA:34,1
DA:35,1
DA:480,1
FN:122,System.Void Lucent.Common.Serialization.Protobuf.ProtobufSerializationStreamReader/<HasNextAsync>d__13::MoveNext()
FNDA:0,System.Void Lucent.Common.Serialization.Protobuf.ProtobufSerializationStreamReader/<HasNextAsync>d__13::MoveNext()
DA:123,0
DA:124,0
DA:125,0
DA:127,0
DA:128,0
DA:129,0
DA:130,0
DA:133,0
DA:134,0
DA:135,0
BRDA:123,14,0,0
BRDA:124,45,0,0
BRDA:124,45,1,0
BRDA:124,71,0,0
BRDA:124,71,1,0
BRDA:127,123,0,0
BRDA:127,155,0,0
BRDA:127,155,1,0
BRDA:127,123,1,0
BRDA:127,260,0,0
BRDA:129,288,0,0
BRDA:123,14,1,0
BRDA:129,288,1,0
BRDA:127,260,1,0
FN:179,System.Void Lucent.Common.Serialization.Protobuf.ProtobufSerializationStreamReader/<ReadAsArrayAsync>d__16`1::MoveNext()
FNDA:0,System.Void Lucent.Common.Serialization.Protobuf.ProtobufSerializationStreamReader/<ReadAsArrayAsync>d__16`1::MoveNext()
DA:180,0
DA:181,0
DA:184,0
DA:185,0
DA:188,0
DA:189,0
DA:192,0
DA:193,0
DA:196,0
DA:197,0
BRDA:180,8,0,0
BRDA:180,14,0,0
BRDA:188,105,0,0
BRDA:180,8,1,0
BRDA:188,105,1,0
BRDA:192,426,1,0
BRDA:193,287,0,0
BRDA:180,14,1,0
BRDA:193,287,1,0
BRDA:192,426,0,0
FN:204,System.Void Lucent.Common.Serialization.Protobuf.ProtobufSerializationStreamReader/<ReadAsAsync>d__17`1::MoveNext()
FNDA:0,System.Void Lucent.Common.Serialization.Protobuf.ProtobufSerializationStreamReader/<ReadAsAsync>d__17`1::MoveNext()
DA:205,0
DA:206,0
DA:208,0
DA:209,0
BRDA:205,8,0,0
BRDA:208,117,0,0
BRDA:205,8,1,0
BRDA:208,117,1,0
FN:224,System.Void Lucent.Common.Serialization.Protobuf.ProtobufSerializationStreamReader/<ReadBooleanAsync>d__19::MoveNext()
FNDA:0,System.Void Lucent.Common.Serialization.Protobuf.ProtobufSerializationStreamReader/<ReadBooleanAsync>d__19::MoveNext()
DA:225,0
DA:226,0
DA:227,0
BRDA:226,44,0,0
BRDA:226,44,1,0
FN:242,System.Void Lucent.Common.Serialization.Protobuf.ProtobufSerializationStreamReader/<ReadDoubleAsync>d__21::MoveNext()
FNDA:0,System.Void Lucent.Common.Serialization.Protobuf.ProtobufSerializationStreamReader/<ReadDoubleAsync>d__21::MoveNext()
DA:243,0
DA:244,0
DA:245,0
BRDA:244,44,0,0
BRDA:244,44,1,0
FN:260,System.Void Lucent.Common.Serialization.Protobuf.ProtobufSerializationStreamReader/<ReadIntAsync>d__23::MoveNext()
FNDA:0,System.Void Lucent.Common.Serialization.Protobuf.ProtobufSerializationStreamReader/<ReadIntAsync>d__23::MoveNext()
DA:261,0
DA:262,0
DA:263,0
BRDA:262,44,0,0
BRDA:262,44,1,0
FN:278,System.Void Lucent.Common.Serialization.Protobuf.ProtobufSerializationStreamReader/<ReadLongAsync>d__25::MoveNext()
FNDA:0,System.Void Lucent.Common.Serialization.Protobuf.ProtobufSerializationStreamReader/<ReadLongAsync>d__25::MoveNext()
DA:279,0
DA:280,0
DA:281,0
BRDA:280,44,0,0
BRDA:280,44,1,0
FN:296,System.Void Lucent.Common.Serialization.Protobuf.ProtobufSerializationStreamReader/<ReadDateTimeAsync>d__27::MoveNext()
FNDA:0,System.Void Lucent.Common.Serialization.Protobuf.ProtobufSerializationStreamReader/<ReadDateTimeAsync>d__27::MoveNext()
DA:297,0
DA:298,0
DA:299,0
BRDA:298,44,0,0
BRDA:298,44,1,0
FN:315,System.Void Lucent.Common.Serialization.Protobuf.ProtobufSerializationStreamReader/<ReadGuidAsync>d__29::MoveNext()
FNDA:0,System.Void Lucent.Common.Serialization.Protobuf.ProtobufSerializationStreamReader/<ReadGuidAsync>d__29::MoveNext()
DA:316,0
DA:317,0
DA:318,0
BRDA:317,44,0,0
BRDA:317,44,1,0
FN:333,System.Void Lucent.Common.Serialization.Protobuf.ProtobufSerializationStreamReader/<ReadSingleAsync>d__31::MoveNext()
FNDA:0,System.Void Lucent.Common.Serialization.Protobuf.ProtobufSerializationStreamReader/<ReadSingleAsync>d__31::MoveNext()
DA:334,0
DA:335,0
DA:336,0
BRDA:335,44,0,0
BRDA:335,44,1,0
FN:371,System.Void Lucent.Common.Serialization.Protobuf.ProtobufSerializationStreamReader/<ReadStringArrayAsync>d__34::MoveNext()
FNDA:0,System.Void Lucent.Common.Serialization.Protobuf.ProtobufSerializationStreamReader/<ReadStringArrayAsync>d__34::MoveNext()
DA:372,0
DA:374,0
DA:377,0
DA:380,0
DA:381,0
DA:384,0
DA:385,0
BRDA:372,14,0,0
BRDA:377,66,0,0
BRDA:377,66,1,0
BRDA:380,343,1,0
BRDA:381,209,0,0
BRDA:372,14,1,0
BRDA:381,209,1,0
BRDA:380,343,0,0
FN:391,System.Void Lucent.Common.Serialization.Protobuf.ProtobufSerializationStreamReader/<ReadStringAsync>d__35::MoveNext()
FNDA:0,System.Void Lucent.Common.Serialization.Protobuf.ProtobufSerializationStreamReader/<ReadStringAsync>d__35::MoveNext()
DA:392,0
DA:393,0
DA:394,0
BRDA:393,44,0,0
BRDA:393,44,1,0
FN:409,System.Void Lucent.Common.Serialization.Protobuf.ProtobufSerializationStreamReader/<ReadUIntAsync>d__37::MoveNext()
FNDA:0,System.Void Lucent.Common.Serialization.Protobuf.ProtobufSerializationStreamReader/<ReadUIntAsync>d__37::MoveNext()
DA:410,0
DA:411,0
DA:412,0
BRDA:411,44,0,0
BRDA:411,44,1,0
FN:427,System.Void Lucent.Common.Serialization.Protobuf.ProtobufSerializationStreamReader/<ReadULongAsync>d__39::MoveNext()
FNDA:0,System.Void Lucent.Common.Serialization.Protobuf.ProtobufSerializationStreamReader/<ReadULongAsync>d__39::MoveNext()
DA:428,0
DA:429,0
DA:430,0
BRDA:429,44,0,0
BRDA:429,44,1,0
FN:444,System.Void Lucent.Common.Serialization.Protobuf.ProtobufSerializationStreamReader/<SkipAsync>d__41::MoveNext()
FNDA:0,System.Void Lucent.Common.Serialization.Protobuf.ProtobufSerializationStreamReader/<SkipAsync>d__41::MoveNext()
DA:445,0
DA:446,0
DA:447,0
BRDA:446,44,0,0
BRDA:446,44,1,0
FN:462,System.Void Lucent.Common.Serialization.Protobuf.ProtobufSerializationStreamReader/<HasMorePropertiesAsync>d__43::MoveNext()
FNDA:0,System.Void Lucent.Common.Serialization.Protobuf.ProtobufSerializationStreamReader/<HasMorePropertiesAsync>d__43::MoveNext()
DA:463,0
DA:464,0
DA:465,0
BRDA:464,59,0,0
BRDA:464,85,0,0
BRDA:464,85,1,0
BRDA:464,59,1,0
LF:183
LH:26
BRF:94
BRH:4
FNF:42
FNH:4
end_of_record
SF:/home/nnorthcutt/Code/github/telefrek/lucent-bidder/Common/Serialization/Protobuf/ProtobufSerializationStreamWriter.cs
FN:33,System.Void Lucent.Common.Serialization.Protobuf.ProtobufSerializationStreamWriter::Flush()
FNDA:0,System.Void Lucent.Common.Serialization.Protobuf.ProtobufSerializationStreamWriter::Flush()
DA:34,0
FN:44,System.Void Lucent.Common.Serialization.Protobuf.ProtobufSerializationStreamWriter::Write(T)
FNDA:0,System.Void Lucent.Common.Serialization.Protobuf.ProtobufSerializationStreamWriter::Write(T)
DA:45,0
DA:46,0
DA:47,0
DA:49,0
DA:50,0
DA:51,0
DA:52,0
DA:53,0
DA:54,0
DA:55,0
DA:56,0
DA:57,0
DA:58,0
DA:61,0
DA:62,0
DA:63,0
DA:64,0
DA:65,0
BRDA:46,12,0,0
BRDA:46,12,1,0
FN:72,System.Void Lucent.Common.Serialization.Protobuf.ProtobufSerializationStreamWriter::Write(T[])
FNDA:0,System.Void Lucent.Common.Serialization.Protobuf.ProtobufSerializationStreamWriter::Write(T[])
DA:73,0
DA:74,0
DA:75,0
DA:77,0
DA:78,0
DA:79,0
DA:80,0
DA:81,0
DA:82,0
DA:83,0
DA:84,0
DA:85,0
DA:88,0
DA:89,0
DA:90,0
DA:91,0
DA:92,0
BRDA:74,7,0,0
BRDA:74,7,1,0
BRDA:83,97,1,0
BRDA:83,97,0,0
FN:97,System.Void Lucent.Common.Serialization.Protobuf.ProtobufSerializationStreamWriter::Write(System.Boolean)
FNDA:0,System.Void Lucent.Common.Serialization.Protobuf.ProtobufSerializationStreamWriter::Write(System.Boolean)
DA:98,0
FN:103,System.Void Lucent.Common.Serialization.Protobuf.ProtobufSerializationStreamWriter::Write(System.Double)
FNDA:0,System.Void Lucent.Common.Serialization.Protobuf.ProtobufSerializationStreamWriter::Write(System.Double)
DA:104,0
FN:109,System.Void Lucent.Common.Serialization.Protobuf.ProtobufSerializationStreamWriter::Write(System.Single)
FNDA:0,System.Void Lucent.Common.Serialization.Protobuf.ProtobufSerializationStreamWriter::Write(System.Single)
DA:110,0
FN:115,System.Void Lucent.Common.Serialization.Protobuf.ProtobufSerializationStreamWriter::Write(System.Int32)
FNDA:0,System.Void Lucent.Common.Serialization.Protobuf.ProtobufSerializationStreamWriter::Write(System.Int32)
DA:116,0
FN:121,System.Void Lucent.Common.Serialization.Protobuf.ProtobufSerializationStreamWriter::Write(System.UInt32)
FNDA:0,System.Void Lucent.Common.Serialization.Protobuf.ProtobufSerializationStreamWriter::Write(System.UInt32)
DA:122,0
FN:127,System.Void Lucent.Common.Serialization.Protobuf.ProtobufSerializationStreamWriter::Write(System.Int64)
FNDA:0,System.Void Lucent.Common.Serialization.Protobuf.ProtobufSerializationStreamWriter::Write(System.Int64)
DA:128,0
FN:133,System.Void Lucent.Common.Serialization.Protobuf.ProtobufSerializationStreamWriter::Write(System.UInt64)
FNDA:0,System.Void Lucent.Common.Serialization.Protobuf.ProtobufSerializationStreamWriter::Write(System.UInt64)
DA:134,0
FN:139,System.Void Lucent.Common.Serialization.Protobuf.ProtobufSerializationStreamWriter::Write(System.String)
FNDA:0,System.Void Lucent.Common.Serialization.Protobuf.ProtobufSerializationStreamWriter::Write(System.String)
DA:140,0
FN:146,System.Void Lucent.Common.Serialization.Protobuf.ProtobufSerializationStreamWriter::Write(System.String[])
FNDA:0,System.Void Lucent.Common.Serialization.Protobuf.ProtobufSerializationStreamWriter::Write(System.String[])
DA:147,0
DA:148,0
DA:149,0
DA:150,0
DA:151,0
DA:152,0
DA:153,0
DA:154,0
DA:155,0
DA:158,0
DA:159,0
DA:160,0
DA:161,0
BRDA:153,70,1,0
BRDA:153,70,0,0
FN:163,System.Void Lucent.Common.Serialization.Protobuf.ProtobufSerializationStreamWriter::Write(System.DateTime)
FNDA:0,System.Void Lucent.Common.Serialization.Protobuf.ProtobufSerializationStreamWriter::Write(System.DateTime)
DA:164,0
FN:166,System.Void Lucent.Common.Serialization.Protobuf.ProtobufSerializationStreamWriter::Write(System.Guid)
FNDA:0,System.Void Lucent.Common.Serialization.Protobuf.ProtobufSerializationStreamWriter::Write(System.Guid)
DA:167,0
FN:317,System.Void Lucent.Common.Serialization.Protobuf.ProtobufSerializationStreamWriter::_Dispose(System.Boolean)
FNDA:1,System.Void Lucent.Common.Serialization.Protobuf.ProtobufSerializationStreamWriter::_Dispose(System.Boolean)
DA:318,1
DA:319,1
DA:320,1
DA:321,1
DA:322,1
DA:323,1
DA:324,1
DA:325,1
DA:327,1
DA:328,1
DA:329,1
BRDA:319,12,0,1
BRDA:321,18,0,1
BRDA:321,18,1,1
BRDA:319,12,1,1
FN:334,System.Void Lucent.Common.Serialization.Protobuf.ProtobufSerializationStreamWriter::Finalize()
FNDA:0,System.Void Lucent.Common.Serialization.Protobuf.ProtobufSerializationStreamWriter::Finalize()
DA:335,0
DA:336,0
DA:337,0
FN:342,System.Void Lucent.Common.Serialization.Protobuf.ProtobufSerializationStreamWriter::System.IDisposable.Dispose()
FNDA:1,System.Void Lucent.Common.Serialization.Protobuf.ProtobufSerializationStreamWriter::System.IDisposable.Dispose()
DA:343,1
DA:344,1
DA:345,1
DA:346,1
FN:350,System.Void Lucent.Common.Serialization.Protobuf.ProtobufSerializationStreamWriter::Write(Lucent.Common.Serialization.PropertyId,T)
FNDA:0,System.Void Lucent.Common.Serialization.Protobuf.ProtobufSerializationStreamWriter::Write(Lucent.Common.Serialization.PropertyId,T)
DA:351,0
DA:352,0
DA:353,0
DA:354,0
DA:355,0
DA:356,0
DA:357,0
BRDA:352,12,0,0
BRDA:352,12,1,0
FN:360,System.Void Lucent.Common.Serialization.Protobuf.ProtobufSerializationStreamWriter::Write(Lucent.Common.Serialization.PropertyId,T[])
FNDA:0,System.Void Lucent.Common.Serialization.Protobuf.ProtobufSerializationStreamWriter::Write(Lucent.Common.Serialization.PropertyId,T[])
DA:361,0
DA:362,0
DA:363,0
DA:364,0
DA:365,0
DA:366,0
DA:367,0
BRDA:362,2,0,0
BRDA:362,2,1,0
BRDA:362,14,0,0
BRDA:362,14,1,0
FN:370,System.Void Lucent.Common.Serialization.Protobuf.ProtobufSerializationStreamWriter::Write(Lucent.Common.Serialization.PropertyId,System.Boolean)
FNDA:0,System.Void Lucent.Common.Serialization.Protobuf.ProtobufSerializationStreamWriter::Write(Lucent.Common.Serialization.PropertyId,System.Boolean)
DA:371,0
DA:372,0
DA:373,0
DA:374,0
FN:377,System.Void Lucent.Common.Serialization.Protobuf.ProtobufSerializationStreamWriter::Write(Lucent.Common.Serialization.PropertyId,System.Double)
FNDA:0,System.Void Lucent.Common.Serialization.Protobuf.ProtobufSerializationStreamWriter::Write(Lucent.Common.Serialization.PropertyId,System.Double)
DA:378,0
DA:379,0
DA:380,0
DA:381,0
DA:382,0
DA:383,0
DA:384,0
BRDA:379,12,0,0
BRDA:379,12,1,0
FN:387,System.Void Lucent.Common.Serialization.Protobuf.ProtobufSerializationStreamWriter::Write(Lucent.Common.Serialization.PropertyId,System.Single)
FNDA:0,System.Void Lucent.Common.Serialization.Protobuf.ProtobufSerializationStreamWriter::Write(Lucent.Common.Serialization.PropertyId,System.Single)
DA:388,0
DA:389,0
DA:390,0
DA:391,0
DA:392,0
DA:393,0
DA:394,0
BRDA:389,12,0,0
BRDA:389,12,1,0
FN:397,System.Void Lucent.Common.Serialization.Protobuf.ProtobufSerializationStreamWriter::Write(Lucent.Common.Serialization.PropertyId,System.Int32)
FNDA:0,System.Void Lucent.Common.Serialization.Protobuf.ProtobufSerializationStreamWriter::Write(Lucent.Common.Serialization.PropertyId,System.Int32)
DA:398,0
DA:399,0
DA:400,0
DA:401,0
DA:402,0
DA:403,0
DA:404,0
BRDA:399,12,0,0
BRDA:399,12,1,0
FN:407,System.Void Lucent.Common.Serialization.Protobuf.ProtobufSerializationStreamWriter::Write(Lucent.Common.Serialization.PropertyId,System.UInt32)
FNDA:0,System.Void Lucent.Common.Serialization.Protobuf.ProtobufSerializationStreamWriter::Write(Lucent.Common.Serialization.PropertyId,System.UInt32)
DA:408,0
DA:409,0
DA:410,0
DA:411,0
DA:412,0
DA:413,0
DA:414,0
BRDA:409,12,0,0
BRDA:409,12,1,0
FN:417,System.Void Lucent.Common.Serialization.Protobuf.ProtobufSerializationStreamWriter::Write(Lucent.Common.Serialization.PropertyId,System.Int64)
FNDA:0,System.Void Lucent.Common.Serialization.Protobuf.ProtobufSerializationStreamWriter::Write(Lucent.Common.Serialization.PropertyId,System.Int64)
DA:418,0
DA:419,0
DA:420,0
DA:421,0
DA:422,0
DA:423,0
DA:424,0
BRDA:419,12,0,0
BRDA:419,12,1,0
FN:427,System.Void Lucent.Common.Serialization.Protobuf.ProtobufSerializationStreamWriter::Write(Lucent.Common.Serialization.PropertyId,System.UInt64)
FNDA:0,System.Void Lucent.Common.Serialization.Protobuf.ProtobufSerializationStreamWriter::Write(Lucent.Common.Serialization.PropertyId,System.UInt64)
DA:428,0
DA:429,0
DA:430,0
DA:431,0
DA:432,0
DA:433,0
DA:434,0
BRDA:429,12,0,0
BRDA:429,12,1,0
FN:437,System.Void Lucent.Common.Serialization.Protobuf.ProtobufSerializationStreamWriter::Write(Lucent.Common.Serialization.PropertyId,System.String)
FNDA:0,System.Void Lucent.Common.Serialization.Protobuf.ProtobufSerializationStreamWriter::Write(Lucent.Common.Serialization.PropertyId,System.String)
DA:438,0
DA:439,0
DA:440,0
DA:441,0
DA:442,0
DA:443,0
DA:444,0
BRDA:439,12,0,0
BRDA:439,12,1,0
FN:447,System.Void Lucent.Common.Serialization.Protobuf.ProtobufSerializationStreamWriter::Write(Lucent.Common.Serialization.PropertyId,System.String[])
FNDA:0,System.Void Lucent.Common.Serialization.Protobuf.ProtobufSerializationStreamWriter::Write(Lucent.Common.Serialization.PropertyId,System.String[])
DA:448,0
DA:449,0
DA:450,0
DA:451,0
DA:452,0
DA:453,0
DA:454,0
BRDA:449,2,0,0
BRDA:449,2,1,0
BRDA:449,14,0,0
BRDA:449,14,1,0
FN:457,System.Void Lucent.Common.Serialization.Protobuf.ProtobufSerializationStreamWriter::Write(Lucent.Common.Serialization.PropertyId,System.DateTime)
FNDA:0,System.Void Lucent.Common.Serialization.Protobuf.ProtobufSerializationStreamWriter::Write(Lucent.Common.Serialization.PropertyId,System.DateTime)
DA:458,0
DA:459,0
DA:460,0
DA:461,0
DA:462,0
DA:463,0
DA:464,0
BRDA:459,12,0,0
BRDA:459,12,1,0
FN:467,System.Void Lucent.Common.Serialization.Protobuf.ProtobufSerializationStreamWriter::Write(Lucent.Common.Serialization.PropertyId,System.Guid)
FNDA:0,System.Void Lucent.Common.Serialization.Protobuf.ProtobufSerializationStreamWriter::Write(Lucent.Common.Serialization.PropertyId,System.Guid)
DA:468,0
DA:469,0
DA:470,0
DA:471,0
FN:600,System.Void Lucent.Common.Serialization.Protobuf.ProtobufSerializationStreamWriter::StartObject()
FNDA:0,System.Void Lucent.Common.Serialization.Protobuf.ProtobufSerializationStreamWriter::StartObject()
DA:601,0
FN:603,System.Threading.Tasks.Task Lucent.Common.Serialization.Protobuf.ProtobufSerializationStreamWriter::StartObjectAsync()
FNDA:0,System.Threading.Tasks.Task Lucent.Common.Serialization.Protobuf.ProtobufSerializationStreamWriter::StartObjectAsync()
DA:604,0
FN:606,System.Void Lucent.Common.Serialization.Protobuf.ProtobufSerializationStreamWriter::EndObject()
FNDA:0,System.Void Lucent.Common.Serialization.Protobuf.ProtobufSerializationStreamWriter::EndObject()
DA:607,0
FN:609,System.Threading.Tasks.Task Lucent.Common.Serialization.Protobuf.ProtobufSerializationStreamWriter::EndObjectAsync()
FNDA:0,System.Threading.Tasks.Task Lucent.Common.Serialization.Protobuf.ProtobufSerializationStreamWriter::EndObjectAsync()
DA:610,0
FN:612,System.Void Lucent.Common.Serialization.Protobuf.ProtobufSerializationStreamWriter::StartArray()
FNDA:0,System.Void Lucent.Common.Serialization.Protobuf.ProtobufSerializationStreamWriter::StartArray()
DA:613,0
FN:615,System.Threading.Tasks.Task Lucent.Common.Serialization.Protobuf.ProtobufSerializationStreamWriter::StartArrayAsync()
FNDA:0,System.Threading.Tasks.Task Lucent.Common.Serialization.Protobuf.ProtobufSerializationStreamWriter::StartArrayAsync()
DA:616,0
FN:618,System.Void Lucent.Common.Serialization.Protobuf.ProtobufSerializationStreamWriter::EndArray()
FNDA:0,System.Void Lucent.Common.Serialization.Protobuf.ProtobufSerializationStreamWriter::EndArray()
DA:619,0
FN:621,System.Threading.Tasks.Task Lucent.Common.Serialization.Protobuf.ProtobufSerializationStreamWriter::EndArrayAsync()
FNDA:0,System.Threading.Tasks.Task Lucent.Common.Serialization.Protobuf.ProtobufSerializationStreamWriter::EndArrayAsync()
DA:622,0
FN:25,System.Void Lucent.Common.Serialization.Protobuf.ProtobufSerializationStreamWriter::.ctor(Lucent.Common.Protobuf.ProtobufWriter,Lucent.Common.Serialization.ISerializationRegistry,Microsoft.Extensions.Logging.ILogger)
FNDA:1,System.Void Lucent.Common.Serialization.Protobuf.ProtobufSerializationStreamWriter::.ctor(Lucent.Common.Protobuf.ProtobufWriter,Lucent.Common.Serialization.ISerializationRegistry,Microsoft.Extensions.Logging.ILogger)
DA:26,1
DA:27,1
DA:28,1
DA:29,1
DA:30,1
DA:31,1
DA:311,1
FN:36,System.Void Lucent.Common.Serialization.Protobuf.ProtobufSerializationStreamWriter/<FlushAsync>d__5::MoveNext()
FNDA:1,System.Void Lucent.Common.Serialization.Protobuf.ProtobufSerializationStreamWriter/<FlushAsync>d__5::MoveNext()
DA:37,1
BRDA:37,43,1,1
FN:175,System.Void Lucent.Common.Serialization.Protobuf.ProtobufSerializationStreamWriter/<WriteAsync>d__19`1::MoveNext()
FNDA:0,System.Void Lucent.Common.Serialization.Protobuf.ProtobufSerializationStreamWriter/<WriteAsync>d__19`1::MoveNext()
DA:176,0
DA:177,0
DA:178,0
DA:180,0
DA:181,0
DA:182,0
DA:183,0
DA:184,0
DA:185,0
DA:186,0
DA:187,0
DA:188,0
DA:189,0
DA:192,0
DA:193,0
DA:194,0
DA:195,0
DA:196,0
BRDA:176,9,0,0
BRDA:177,32,0,0
BRDA:177,32,1,0
BRDA:176,9,1,0
BRDA:183,99,0,0
BRDA:183,99,1,0
BRDA:185,126,0,0
BRDA:188,241,0,0
BRDA:185,126,1,0
BRDA:188,241,1,0
BRDA:189,343,0,0
BRDA:185,126,2,0
BRDA:189,343,1,0
BRDA:192,458,0,0
BRDA:185,126,3,0
BRDA:192,458,1,0
FN:204,System.Void Lucent.Common.Serialization.Protobuf.ProtobufSerializationStreamWriter/<WriteAsync>d__20`1::MoveNext()
FNDA:0,System.Void Lucent.Common.Serialization.Protobuf.ProtobufSerializationStreamWriter/<WriteAsync>d__20`1::MoveNext()
DA:205,0
DA:206,0
DA:207,0
DA:209,0
DA:210,0
DA:211,0
DA:212,0
DA:213,0
DA:214,0
DA:215,0
DA:216,0
DA:217,0
DA:220,0
DA:221,0
DA:222,0
DA:223,0
DA:224,0
BRDA:205,9,0,0
BRDA:206,27,0,0
BRDA:206,27,1,0
BRDA:205,9,1,0
BRDA:210,55,0,0
BRDA:210,55,1,0
BRDA:212,82,0,0
BRDA:215,351,1,0
BRDA:216,234,0,0
BRDA:212,82,1,0
BRDA:216,234,1,0
BRDA:215,351,0,0
BRDA:217,388,0,0
BRDA:212,82,2,0
BRDA:217,388,1,0
BRDA:220,503,0,0
BRDA:212,82,3,0
BRDA:220,503,1,0
FN:230,System.Void Lucent.Common.Serialization.Protobuf.ProtobufSerializationStreamWriter/<WriteAsync>d__21::MoveNext()
FNDA:0,System.Void Lucent.Common.Serialization.Protobuf.ProtobufSerializationStreamWriter/<WriteAsync>d__21::MoveNext()
DA:231,0
BRDA:231,49,0,0
BRDA:231,49,1,0
FN:237,System.Void Lucent.Common.Serialization.Protobuf.ProtobufSerializationStreamWriter/<WriteAsync>d__22::MoveNext()
FNDA:0,System.Void Lucent.Common.Serialization.Protobuf.ProtobufSerializationStreamWriter/<WriteAsync>d__22::MoveNext()
DA:238,0
BRDA:238,49,0,0
BRDA:238,49,1,0
FN:244,System.Void Lucent.Common.Serialization.Protobuf.ProtobufSerializationStreamWriter/<WriteAsync>d__23::MoveNext()
FNDA:0,System.Void Lucent.Common.Serialization.Protobuf.ProtobufSerializationStreamWriter/<WriteAsync>d__23::MoveNext()
DA:245,0
BRDA:245,49,0,0
BRDA:245,49,1,0
FN:251,System.Void Lucent.Common.Serialization.Protobuf.ProtobufSerializationStreamWriter/<WriteAsync>d__24::MoveNext()
FNDA:0,System.Void Lucent.Common.Serialization.Protobuf.ProtobufSerializationStreamWriter/<WriteAsync>d__24::MoveNext()
DA:252,0
BRDA:252,49,0,0
BRDA:252,49,1,0
FN:258,System.Void Lucent.Common.Serialization.Protobuf.ProtobufSerializationStreamWriter/<WriteAsync>d__25::MoveNext()
FNDA:0,System.Void Lucent.Common.Serialization.Protobuf.ProtobufSerializationStreamWriter/<WriteAsync>d__25::MoveNext()
DA:259,0
BRDA:259,49,0,0
BRDA:259,49,1,0
FN:265,System.Void Lucent.Common.Serialization.Protobuf.ProtobufSerializationStreamWriter/<WriteAsync>d__26::MoveNext()
FNDA:0,System.Void Lucent.Common.Serialization.Protobuf.ProtobufSerializationStreamWriter/<WriteAsync>d__26::MoveNext()
DA:266,0
BRDA:266,49,0,0
BRDA:266,49,1,0
FN:272,System.Void Lucent.Common.Serialization.Protobuf.ProtobufSerializationStreamWriter/<WriteAsync>d__27::MoveNext()
FNDA:0,System.Void Lucent.Common.Serialization.Protobuf.ProtobufSerializationStreamWriter/<WriteAsync>d__27::MoveNext()
DA:273,0
BRDA:273,49,0,0
BRDA:273,49,1,0
FN:279,System.Void Lucent.Common.Serialization.Protobuf.ProtobufSerializationStreamWriter/<WriteAsync>d__28::MoveNext()
FNDA:0,System.Void Lucent.Common.Serialization.Protobuf.ProtobufSerializationStreamWriter/<WriteAsync>d__28::MoveNext()
DA:280,0
BRDA:280,49,0,0
BRDA:280,49,1,0
FN:287,System.Void Lucent.Common.Serialization.Protobuf.ProtobufSerializationStreamWriter/<WriteAsync>d__29::MoveNext()
FNDA:0,System.Void Lucent.Common.Serialization.Protobuf.ProtobufSerializationStreamWriter/<WriteAsync>d__29::MoveNext()
DA:288,0
DA:289,0
DA:290,0
DA:291,0
DA:292,0
DA:293,0
DA:294,0
DA:295,0
DA:296,0
DA:299,0
DA:300,0
DA:301,0
DA:302,0
BRDA:289,30,0,0
BRDA:289,30,1,0
BRDA:291,57,0,0
BRDA:294,317,1,0
BRDA:295,205,0,0
BRDA:291,57,1,0
BRDA:295,205,1,0
BRDA:294,317,0,0
BRDA:296,353,0,0
BRDA:291,57,2,0
BRDA:296,353,1,0
BRDA:299,466,0,0
BRDA:291,57,3,0
BRDA:299,466,1,0
FN:304,System.Void Lucent.Common.Serialization.Protobuf.ProtobufSerializationStreamWriter/<WriteAsync>d__30::MoveNext()
FNDA:1,System.Void Lucent.Common.Serialization.Protobuf.ProtobufSerializationStreamWriter/<WriteAsync>d__30::MoveNext()
DA:305,1
BRDA:305,54,1,1
FN:307,System.Void Lucent.Common.Serialization.Protobuf.ProtobufSerializationStreamWriter/<WriteAsync>d__31::MoveNext()
FNDA:0,System.Void Lucent.Common.Serialization.Protobuf.ProtobufSerializationStreamWriter/<WriteAsync>d__31::MoveNext()
DA:308,0
BRDA:308,60,0,0
BRDA:308,60,1,0
FN:474,System.Void Lucent.Common.Serialization.Protobuf.ProtobufSerializationStreamWriter/<WriteAsync>d__49`1::MoveNext()
FNDA:0,System.Void Lucent.Common.Serialization.Protobuf.ProtobufSerializationStreamWriter/<WriteAsync>d__49`1::MoveNext()
DA:475,0
DA:476,0
DA:477,0
DA:478,0
DA:479,0
DA:480,0
DA:481,0
BRDA:475,8,0,0
BRDA:475,14,0,0
BRDA:476,42,0,0
BRDA:478,89,0,0
BRDA:475,8,1,0
BRDA:478,89,1,0
BRDA:479,197,0,0
BRDA:475,14,1,0
BRDA:479,197,1,0
BRDA:476,42,1,0
FN:484,System.Void Lucent.Common.Serialization.Protobuf.ProtobufSerializationStreamWriter/<WriteAsync>d__50`1::MoveNext()
FNDA:0,System.Void Lucent.Common.Serialization.Protobuf.ProtobufSerializationStreamWriter/<WriteAsync>d__50`1::MoveNext()
DA:485,0
DA:486,0
DA:487,0
DA:488,0
DA:489,0
DA:490,0
DA:491,0
BRDA:485,8,0,0
BRDA:485,14,0,0
BRDA:486,32,0,0
BRDA:486,32,1,0
BRDA:486,49,0,0
BRDA:488,96,0,0
BRDA:485,8,1,0
BRDA:488,96,1,0
BRDA:489,204,0,0
BRDA:485,14,1,0
BRDA:489,204,1,0
BRDA:486,49,1,0
FN:494,System.Void Lucent.Common.Serialization.Protobuf.ProtobufSerializationStreamWriter/<WriteAsync>d__51::MoveNext()
FNDA:0,System.Void Lucent.Common.Serialization.Protobuf.ProtobufSerializationStreamWriter/<WriteAsync>d__51::MoveNext()
DA:495,0
DA:496,0
DA:497,0
DA:498,0
BRDA:495,14,0,0
BRDA:496,67,0,0
BRDA:496,67,1,0
BRDA:497,174,0,0
BRDA:495,14,1,0
BRDA:497,174,1,0
FN:501,System.Void Lucent.Common.Serialization.Protobuf.ProtobufSerializationStreamWriter/<WriteAsync>d__52::MoveNext()
FNDA:0,System.Void Lucent.Common.Serialization.Protobuf.ProtobufSerializationStreamWriter/<WriteAsync>d__52::MoveNext()
DA:502,0
DA:503,0
DA:504,0
DA:505,0
DA:506,0
DA:507,0
DA:508,0
BRDA:502,14,0,0
BRDA:503,42,0,0
BRDA:505,89,0,0
BRDA:505,89,1,0
BRDA:506,197,0,0
BRDA:502,14,1,0
BRDA:506,197,1,0
BRDA:503,42,1,0
FN:511,System.Void Lucent.Common.Serialization.Protobuf.ProtobufSerializationStreamWriter/<WriteAsync>d__53::MoveNext()
FNDA:0,System.Void Lucent.Common.Serialization.Protobuf.ProtobufSerializationStreamWriter/<WriteAsync>d__53::MoveNext()
DA:512,0
DA:513,0
DA:514,0
DA:515,0
DA:516,0
DA:517,0
DA:518,0
BRDA:512,14,0,0
BRDA:513,42,0,0
BRDA:515,89,0,0
BRDA:515,89,1,0
BRDA:516,197,0,0
BRDA:512,14,1,0
BRDA:516,197,1,0
BRDA:513,42,1,0
FN:521,System.Void Lucent.Common.Serialization.Protobuf.ProtobufSerializationStreamWriter/<WriteAsync>d__54::MoveNext()
FNDA:0,System.Void Lucent.Common.Serialization.Protobuf.ProtobufSerializationStreamWriter/<WriteAsync>d__54::MoveNext()
DA:522,0
DA:523,0
DA:524,0
DA:525,0
DA:526,0
DA:527,0
DA:528,0
BRDA:522,14,0,0
BRDA:523,42,0,0
BRDA:525,89,0,0
BRDA:525,89,1,0
BRDA:526,197,0,0
BRDA:522,14,1,0
BRDA:526,197,1,0
BRDA:523,42,1,0
FN:531,System.Void Lucent.Common.Serialization.Protobuf.ProtobufSerializationStreamWriter/<WriteAsync>d__55::MoveNext()
FNDA:0,System.Void Lucent.Common.Serialization.Protobuf.ProtobufSerializationStreamWriter/<WriteAsync>d__55::MoveNext()
DA:532,0
DA:533,0
DA:534,0
DA:535,0
DA:536,0
DA:537,0
DA:538,0
BRDA:532,14,0,0
BRDA:533,42,0,0
BRDA:535,89,0,0
BRDA:535,89,1,0
BRDA:536,197,0,0
BRDA:532,14,1,0
BRDA:536,197,1,0
BRDA:533,42,1,0
FN:541,System.Void Lucent.Common.Serialization.Protobuf.ProtobufSerializationStreamWriter/<WriteAsync>d__56::MoveNext()
FNDA:0,System.Void Lucent.Common.Serialization.Protobuf.ProtobufSerializationStreamWriter/<WriteAsync>d__56::MoveNext()
DA:542,0
DA:543,0
DA:544,0
DA:545,0
DA:546,0
DA:547,0
DA:548,0
BRDA:542,14,0,0
BRDA:543,42,0,0
BRDA:545,89,0,0
BRDA:545,89,1,0
BRDA:546,197,0,0
BRDA:542,14,1,0
BRDA:546,197,1,0
BRDA:543,42,1,0
FN:551,System.Void Lucent.Common.Serialization.Protobuf.ProtobufSerializationStreamWriter/<WriteAsync>d__57::MoveNext()
FNDA:0,System.Void Lucent.Common.Serialization.Protobuf.ProtobufSerializationStreamWriter/<WriteAsync>d__57::MoveNext()
DA:552,0
DA:553,0
DA:554,0
DA:555,0
DA:556,0
DA:557,0
DA:558,0
BRDA:552,14,0,0
BRDA:553,42,0,0
BRDA:555,89,0,0
BRDA:555,89,1,0
BRDA:556,197,0,0
BRDA:552,14,1,0
BRDA:556,197,1,0
BRDA:553,42,1,0
FN:561,System.Void Lucent.Common.Serialization.Protobuf.ProtobufSerializationStreamWriter/<WriteAsync>d__58::MoveNext()
FNDA:0,System.Void Lucent.Common.Serialization.Protobuf.ProtobufSerializationStreamWriter/<WriteAsync>d__58::MoveNext()
DA:562,0
DA:563,0
DA:564,0
DA:565,0
DA:566,0
DA:567,0
DA:568,0
BRDA:562,14,0,0
BRDA:563,42,0,0
BRDA:565,89,0,0
BRDA:565,89,1,0
BRDA:566,197,0,0
BRDA:562,14,1,0
BRDA:566,197,1,0
BRDA:563,42,1,0
FN:571,System.Void Lucent.Common.Serialization.Protobuf.ProtobufSerializationStreamWriter/<WriteAsync>d__59::MoveNext()
FNDA:0,System.Void Lucent.Common.Serialization.Protobuf.ProtobufSerializationStreamWriter/<WriteAsync>d__59::MoveNext()
DA:572,0
DA:573,0
DA:574,0
DA:575,0
DA:576,0
DA:577,0
DA:578,0
BRDA:572,14,0,0
BRDA:573,32,0,0
BRDA:573,32,1,0
BRDA:573,49,0,0
BRDA:575,96,0,0
BRDA:575,96,1,0
BRDA:576,204,0,0
BRDA:572,14,1,0
BRDA:576,204,1,0
BRDA:573,49,1,0
FN:581,System.Void Lucent.Common.Serialization.Protobuf.ProtobufSerializationStreamWriter/<WriteAsync>d__60::MoveNext()
FNDA:0,System.Void Lucent.Common.Serialization.Protobuf.ProtobufSerializationStreamWriter/<WriteAsync>d__60::MoveNext()
DA:582,0
DA:583,0
DA:584,0
DA:585,0
DA:586,0
DA:587,0
DA:588,0
BRDA:582,14,0,0
BRDA:583,42,0,0
BRDA:585,89,0,0
BRDA:585,89,1,0
BRDA:586,197,0,0
BRDA:582,14,1,0
BRDA:586,197,1,0
BRDA:583,42,1,0
FN:591,System.Void Lucent.Common.Serialization.Protobuf.ProtobufSerializationStreamWriter/<WriteAsync>d__61::MoveNext()
FNDA:0,System.Void Lucent.Common.Serialization.Protobuf.ProtobufSerializationStreamWriter/<WriteAsync>d__61::MoveNext()
DA:592,0
DA:593,0
DA:594,0
DA:595,0
DA:596,0
DA:597,0
DA:598,0
BRDA:592,14,0,0
BRDA:593,42,0,0
BRDA:595,89,0,0
BRDA:595,89,1,0
BRDA:596,197,0,0
BRDA:592,14,1,0
BRDA:596,197,1,0
BRDA:593,42,1,0
LF:324
LH:24
BRF:216
BRH:6
FNF:66
FNH:5
end_of_record
SF:/home/nnorthcutt/Code/github/telefrek/lucent-bidder/Common/Serialization/Json/JsonExtensions.cs
FN:18,System.Void Lucent.Common.Serialization.Json.JsonExtensions::Guard(Newtonsoft.Json.JsonToken,Newtonsoft.Json.JsonToken)
FNDA:0,System.Void Lucent.Common.Serialization.Json.JsonExtensions::Guard(Newtonsoft.Json.JsonToken,Newtonsoft.Json.JsonToken)
DA:19,0
DA:20,0
DA:21,0
DA:22,0
BRDA:20,10,0,0
BRDA:20,10,1,0
FN:31,System.Void Lucent.Common.Serialization.Json.JsonExtensions/<WritePropertyAsync>d__1`1::MoveNext()
FNDA:0,System.Void Lucent.Common.Serialization.Json.JsonExtensions/<WritePropertyAsync>d__1`1::MoveNext()
DA:32,0
DA:33,0
DA:34,0
DA:35,0
DA:37,0
DA:38,0
DA:39,0
DA:40,0
DA:42,0
DA:43,0
DA:44,0
BRDA:32,8,0,0
BRDA:33,88,0,0
BRDA:32,8,1,0
BRDA:33,88,1,0
BRDA:34,200,0,0
BRDA:35,236,0,0
BRDA:32,8,2,0
BRDA:35,236,1,0
BRDA:34,200,1,0
BRDA:39,395,0,0
BRDA:40,469,0,0
BRDA:32,8,3,0
BRDA:40,469,1,0
BRDA:39,395,1,0
BRDA:42,584,0,0
BRDA:32,8,4,0
BRDA:42,584,1,0
LF:15
LH:0
BRF:19
BRH:0
FNF:2
FNH:0
end_of_record
SF:/home/nnorthcutt/Code/github/telefrek/lucent-bidder/Common/Serialization/Json/JsonSerializationStreamReader.cs
FN:39,Lucent.Common.Serialization.SerializationToken Lucent.Common.Serialization.Json.JsonSerializationStreamReader::get_Token()
FNDA:0,Lucent.Common.Serialization.SerializationToken Lucent.Common.Serialization.Json.JsonSerializationStreamReader::get_Token()
DA:40,0
FN:44,Lucent.Common.Serialization.PropertyId Lucent.Common.Serialization.Json.JsonSerializationStreamReader::get_Id()
FNDA:44,Lucent.Common.Serialization.PropertyId Lucent.Common.Serialization.Json.JsonSerializationStreamReader::get_Id()
DA:45,44
FN:89,System.Void Lucent.Common.Serialization.Json.JsonSerializationStreamReader::updateToken()
FNDA:21,System.Void Lucent.Common.Serialization.Json.JsonSerializationStreamReader::updateToken()
DA:90,21
DA:92,21
DA:100,1
DA:101,1
DA:103,8
DA:104,8
DA:106,0
DA:107,0
DA:109,12
DA:110,12
DA:113,0
DA:114,0
DA:116,0
DA:117,0
DA:119,0
DA:120,0
DA:122,21
BRDA:92,16,7,1
BRDA:92,16,8,1
BRDA:92,16,9,1
BRDA:92,16,10,1
BRDA:92,16,16,1
BRDA:92,16,17,1
BRDA:92,16,1,8
BRDA:92,16,2,0
BRDA:92,16,4,12
BRDA:92,16,13,0
BRDA:92,16,14,0
BRDA:113,148,0,0
BRDA:113,148,1,0
BRDA:92,16,0,0
BRDA:92,16,3,0
BRDA:92,16,5,0
BRDA:92,16,6,0
BRDA:92,16,11,0
BRDA:92,16,12,0
BRDA:92,16,15,0
FN:128,System.Boolean Lucent.Common.Serialization.Json.JsonSerializationStreamReader::HasNext()
FNDA:0,System.Boolean Lucent.Common.Serialization.Json.JsonSerializationStreamReader::HasNext()
DA:129,0
DA:130,0
DA:131,0
DA:132,0
DA:133,0
DA:136,0
DA:137,0
DA:138,0
BRDA:130,14,0,0
BRDA:130,14,1,0
FN:158,System.Void Lucent.Common.Serialization.Json.JsonSerializationStreamReader::Skip()
FNDA:0,System.Void Lucent.Common.Serialization.Json.JsonSerializationStreamReader::Skip()
DA:159,0
DA:161,0
DA:162,0
DA:163,0
DA:165,0
DA:166,0
DA:167,0
DA:168,0
FN:191,T Lucent.Common.Serialization.Json.JsonSerializationStreamReader::ReadAs()
FNDA:0,T Lucent.Common.Serialization.Json.JsonSerializationStreamReader::ReadAs()
DA:192,0
DA:194,0
DA:195,0
DA:198,0
DA:199,0
DA:200,0
DA:201,0
FN:225,T[] Lucent.Common.Serialization.Json.JsonSerializationStreamReader::ReadAsArray()
FNDA:0,T[] Lucent.Common.Serialization.Json.JsonSerializationStreamReader::ReadAsArray()
DA:226,0
DA:228,0
DA:230,0
DA:231,0
DA:234,0
DA:235,0
DA:238,0
DA:240,0
DA:241,0
DA:244,0
DA:245,0
DA:249,0
DA:251,0
DA:253,0
DA:256,0
DA:257,0
DA:258,0
DA:259,0
BRDA:234,36,0,0
BRDA:234,36,1,0
BRDA:251,136,1,0
BRDA:240,67,0,0
BRDA:240,67,1,0
BRDA:244,104,1,0
BRDA:244,104,0,0
BRDA:251,136,0,0
FN:310,System.Boolean Lucent.Common.Serialization.Json.JsonSerializationStreamReader::ReadBoolean()
FNDA:0,System.Boolean Lucent.Common.Serialization.Json.JsonSerializationStreamReader::ReadBoolean()
DA:311,0
DA:313,0
DA:314,0
DA:317,0
DA:318,0
DA:319,0
DA:320,0
FN:342,System.Double Lucent.Common.Serialization.Json.JsonSerializationStreamReader::ReadDouble()
FNDA:0,System.Double Lucent.Common.Serialization.Json.JsonSerializationStreamReader::ReadDouble()
DA:343,0
DA:345,0
DA:346,0
DA:349,0
DA:350,0
DA:351,0
DA:352,0
FN:374,System.Int32 Lucent.Common.Serialization.Json.JsonSerializationStreamReader::ReadInt()
FNDA:0,System.Int32 Lucent.Common.Serialization.Json.JsonSerializationStreamReader::ReadInt()
DA:375,0
DA:377,0
DA:378,0
DA:381,0
DA:382,0
DA:383,0
DA:384,0
FN:406,System.Int64 Lucent.Common.Serialization.Json.JsonSerializationStreamReader::ReadLong()
FNDA:0,System.Int64 Lucent.Common.Serialization.Json.JsonSerializationStreamReader::ReadLong()
DA:407,0
DA:409,0
DA:410,0
DA:413,0
DA:414,0
DA:415,0
DA:416,0
FN:438,System.Single Lucent.Common.Serialization.Json.JsonSerializationStreamReader::ReadSingle()
FNDA:0,System.Single Lucent.Common.Serialization.Json.JsonSerializationStreamReader::ReadSingle()
DA:439,0
DA:441,0
DA:442,0
DA:445,0
DA:446,0
DA:447,0
DA:448,0
FN:470,System.String Lucent.Common.Serialization.Json.JsonSerializationStreamReader::ReadString()
FNDA:0,System.String Lucent.Common.Serialization.Json.JsonSerializationStreamReader::ReadString()
DA:471,0
DA:473,0
DA:474,0
DA:477,0
DA:478,0
DA:479,0
DA:480,0
FN:502,System.DateTime Lucent.Common.Serialization.Json.JsonSerializationStreamReader::ReadDateTime()
FNDA:1,System.DateTime Lucent.Common.Serialization.Json.JsonSerializationStreamReader::ReadDateTime()
DA:503,1
DA:505,1
DA:506,1
DA:509,1
DA:510,1
DA:511,1
DA:512,1
FN:534,System.Guid Lucent.Common.Serialization.Json.JsonSerializationStreamReader::ReadGuid()
FNDA:0,System.Guid Lucent.Common.Serialization.Json.JsonSerializationStreamReader::ReadGuid()
DA:535,0
DA:537,0
DA:538,0
DA:541,0
DA:542,0
DA:543,0
DA:544,0
FN:567,System.String[] Lucent.Common.Serialization.Json.JsonSerializationStreamReader::ReadStringArray()
FNDA:0,System.String[] Lucent.Common.Serialization.Json.JsonSerializationStreamReader::ReadStringArray()
DA:568,0
DA:570,0
DA:572,0
DA:575,0
DA:576,0
DA:579,0
DA:581,0
DA:582,0
DA:585,0
DA:586,0
DA:590,0
DA:592,0
DA:594,0
DA:597,0
DA:598,0
DA:599,0
DA:600,0
BRDA:575,24,0,0
BRDA:575,24,1,0
BRDA:592,122,1,0
BRDA:581,56,0,0
BRDA:581,56,1,0
BRDA:585,90,1,0
BRDA:585,90,0,0
BRDA:592,122,0,0
FN:645,System.UInt32 Lucent.Common.Serialization.Json.JsonSerializationStreamReader::ReadUInt()
FNDA:0,System.UInt32 Lucent.Common.Serialization.Json.JsonSerializationStreamReader::ReadUInt()
DA:646,0
DA:648,0
DA:649,0
DA:652,0
DA:653,0
DA:654,0
DA:655,0
FN:677,System.UInt64 Lucent.Common.Serialization.Json.JsonSerializationStreamReader::ReadULong()
FNDA:0,System.UInt64 Lucent.Common.Serialization.Json.JsonSerializationStreamReader::ReadULong()
DA:678,0
DA:680,0
DA:681,0
DA:684,0
DA:685,0
DA:686,0
DA:687,0
FN:706,System.Boolean Lucent.Common.Serialization.Json.JsonSerializationStreamReader::HasMoreProperties()
FNDA:0,System.Boolean Lucent.Common.Serialization.Json.JsonSerializationStreamReader::HasMoreProperties()
DA:707,0
DA:708,0
DA:709,0
DA:710,0
DA:711,0
DA:712,0
DA:715,0
DA:716,0
DA:718,0
DA:719,0
DA:721,0
DA:722,0
BRDA:708,17,0,0
BRDA:710,31,0,0
BRDA:710,31,1,0
BRDA:708,17,1,0
BRDA:715,71,0,0
BRDA:715,71,1,0
BRDA:718,98,0,0
BRDA:718,98,1,0
FN:745,System.Boolean Lucent.Common.Serialization.Json.JsonSerializationStreamReader::StartObject()
FNDA:0,System.Boolean Lucent.Common.Serialization.Json.JsonSerializationStreamReader::StartObject()
DA:746,0
DA:747,0
DA:748,0
DA:750,0
DA:751,0
BRDA:747,17,0,0
BRDA:748,25,0,0
BRDA:748,25,1,0
BRDA:747,17,1,0
FN:769,System.Void Lucent.Common.Serialization.Json.JsonSerializationStreamReader::_Dispose(System.Boolean)
FNDA:5,System.Void Lucent.Common.Serialization.Json.JsonSerializationStreamReader::_Dispose(System.Boolean)
DA:770,5
DA:771,5
DA:772,5
DA:773,5
DA:774,5
DA:775,5
DA:776,5
DA:778,5
DA:779,5
DA:780,5
BRDA:771,12,0,5
BRDA:773,18,0,5
BRDA:773,18,1,5
BRDA:771,12,1,5
FN:785,System.Void Lucent.Common.Serialization.Json.JsonSerializationStreamReader::Finalize()
FNDA:0,System.Void Lucent.Common.Serialization.Json.JsonSerializationStreamReader::Finalize()
DA:786,0
DA:787,0
DA:788,0
FN:793,System.Void Lucent.Common.Serialization.Json.JsonSerializationStreamReader::System.IDisposable.Dispose()
FNDA:5,System.Void Lucent.Common.Serialization.Json.JsonSerializationStreamReader::System.IDisposable.Dispose()
DA:794,5
DA:795,5
DA:796,5
DA:797,5
FN:28,System.Void Lucent.Common.Serialization.Json.JsonSerializationStreamReader::.ctor(Newtonsoft.Json.JsonReader,Lucent.Common.Serialization.ISerializationRegistry,Microsoft.Extensions.Logging.ILogger)
FNDA:5,System.Void Lucent.Common.Serialization.Json.JsonSerializationStreamReader::.ctor(Newtonsoft.Json.JsonReader,Lucent.Common.Serialization.ISerializationRegistry,Microsoft.Extensions.Logging.ILogger)
DA:29,5
DA:30,5
DA:31,5
DA:32,5
DA:33,5
DA:34,5
DA:35,5
DA:763,5
FN:51,System.Void Lucent.Common.Serialization.Json.JsonSerializationStreamReader/<updateTokenAsync>d__9::MoveNext()
FNDA:52,System.Void Lucent.Common.Serialization.Json.JsonSerializationStreamReader/<updateTokenAsync>d__9::MoveNext()
DA:52,52
DA:54,52
DA:62,32
DA:63,32
DA:65,0
DA:66,0
DA:68,0
DA:69,0
DA:71,4
DA:72,4
DA:75,8
DA:76,4
DA:78,4
DA:79,8
DA:81,8
DA:82,8
DA:84,52
BRDA:52,14,0,52
BRDA:54,49,7,32
BRDA:54,49,8,32
BRDA:54,49,9,32
BRDA:54,49,10,32
BRDA:54,49,16,32
BRDA:54,49,17,32
BRDA:54,49,4,4
BRDA:54,49,13,8
BRDA:54,49,14,8
BRDA:75,242,1,8
BRDA:75,333,0,4
BRDA:76,360,1,4
BRDA:75,333,1,4
BRDA:54,49,0,8
BRDA:54,49,3,8
BRDA:54,49,5,8
BRDA:54,49,6,8
BRDA:54,49,11,8
BRDA:54,49,12,8
BRDA:54,49,15,8
FN:144,System.Void Lucent.Common.Serialization.Json.JsonSerializationStreamReader/<HasNextAsync>d__12::MoveNext()
FNDA:20,System.Void Lucent.Common.Serialization.Json.JsonSerializationStreamReader/<HasNextAsync>d__12::MoveNext()
DA:145,20
DA:146,20
DA:147,20
DA:148,20
DA:149,20
DA:152,0
DA:153,20
BRDA:146,54,1,20
BRDA:146,142,0,20
FN:174,System.Void Lucent.Common.Serialization.Json.JsonSerializationStreamReader/<SkipAsync>d__14::MoveNext()
FNDA:16,System.Void Lucent.Common.Serialization.Json.JsonSerializationStreamReader/<SkipAsync>d__14::MoveNext()
DA:175,16
DA:177,16
DA:178,16
DA:179,16
DA:181,16
DA:182,16
DA:183,16
DA:184,16
BRDA:175,14,0,16
BRDA:175,42,0,16
BRDA:178,87,1,16
BRDA:182,205,1,16
BRDA:183,295,1,16
FN:208,System.Void Lucent.Common.Serialization.Json.JsonSerializationStreamReader/<ReadAsAsync>d__16`1::MoveNext()
FNDA:8,System.Void Lucent.Common.Serialization.Json.JsonSerializationStreamReader/<ReadAsAsync>d__16`1::MoveNext()
DA:209,8
DA:211,8
DA:212,8
DA:215,8
DA:216,8
DA:217,8
DA:218,8
BRDA:209,8,0,8
BRDA:209,14,0,8
BRDA:209,8,1,8
BRDA:209,42,0,8
BRDA:212,94,0,0
BRDA:209,42,1,0
BRDA:212,94,1,8
BRDA:216,249,0,0
BRDA:209,14,1,0
BRDA:216,249,1,8
BRDA:217,339,0,0
BRDA:217,352,0,0
BRDA:217,352,1,0
BRDA:217,339,1,8
BRDA:217,381,1,8
BRDA:217,381,0,0
FN:266,System.Void Lucent.Common.Serialization.Json.JsonSerializationStreamReader/<ReadAsArrayAsync>d__18`1::MoveNext()
FNDA:4,System.Void Lucent.Common.Serialization.Json.JsonSerializationStreamReader/<ReadAsArrayAsync>d__18`1::MoveNext()
DA:267,4
DA:269,4
DA:271,4
DA:272,4
DA:275,4
DA:276,4
DA:279,4
DA:280,4
DA:283,4
DA:285,4
DA:286,4
DA:289,0
DA:290,0
DA:294,0
DA:296,8
DA:298,4
DA:301,4
DA:302,4
DA:303,4
DA:304,4
BRDA:267,9,0,4
BRDA:267,15,0,4
BRDA:267,9,1,4
BRDA:267,43,0,4
BRDA:275,150,0,4
BRDA:276,191,0,0
BRDA:267,43,1,0
BRDA:276,191,1,4
BRDA:275,150,1,4
BRDA:279,292,0,4
BRDA:280,334,0,0
BRDA:267,43,2,0
BRDA:280,334,1,4
BRDA:279,292,1,4
BRDA:296,905,1,4
BRDA:285,438,0,4
BRDA:286,491,0,0
BRDA:267,43,3,0
BRDA:286,491,1,4
BRDA:285,438,1,0
BRDA:289,642,1,0
BRDA:294,689,0,0
BRDA:267,43,4,0
BRDA:294,689,1,0
BRDA:296,810,0,0
BRDA:267,43,5,0
BRDA:296,810,1,4
BRDA:289,642,0,4
BRDA:296,905,0,4
BRDA:302,976,0,0
BRDA:267,15,1,0
BRDA:302,976,1,4
BRDA:303,1067,0,0
BRDA:303,1080,0,0
BRDA:303,1080,1,0
BRDA:303,1067,1,4
BRDA:303,1109,1,4
BRDA:303,1109,0,0
FN:326,System.Void Lucent.Common.Serialization.Json.JsonSerializationStreamReader/<ReadBooleanAsync>d__20::MoveNext()
FNDA:0,System.Void Lucent.Common.Serialization.Json.JsonSerializationStreamReader/<ReadBooleanAsync>d__20::MoveNext()
DA:327,0
DA:329,0
DA:330,0
DA:333,0
DA:334,0
DA:335,0
DA:336,0
BRDA:327,14,0,0
BRDA:327,42,0,0
BRDA:330,87,0,0
BRDA:327,42,1,0
BRDA:330,87,1,0
BRDA:334,248,0,0
BRDA:327,14,1,0
BRDA:334,248,1,0
BRDA:335,339,0,0
BRDA:335,352,0,0
BRDA:335,352,1,0
BRDA:335,339,1,0
BRDA:335,381,1,0
BRDA:335,381,0,0
FN:358,System.Void Lucent.Common.Serialization.Json.JsonSerializationStreamReader/<ReadDoubleAsync>d__22::MoveNext()
FNDA:0,System.Void Lucent.Common.Serialization.Json.JsonSerializationStreamReader/<ReadDoubleAsync>d__22::MoveNext()
DA:359,0
DA:361,0
DA:362,0
DA:365,0
DA:366,0
DA:367,0
DA:368,0
BRDA:359,14,0,0
BRDA:359,42,0,0
BRDA:362,87,0,0
BRDA:359,42,1,0
BRDA:362,87,1,0
BRDA:366,248,0,0
BRDA:359,14,1,0
BRDA:366,248,1,0
BRDA:367,339,0,0
BRDA:367,352,0,0
BRDA:367,352,1,0
BRDA:367,339,1,0
BRDA:367,381,1,0
BRDA:367,381,0,0
FN:390,System.Void Lucent.Common.Serialization.Json.JsonSerializationStreamReader/<ReadIntAsync>d__24::MoveNext()
FNDA:8,System.Void Lucent.Common.Serialization.Json.JsonSerializationStreamReader/<ReadIntAsync>d__24::MoveNext()
DA:391,8
DA:393,8
DA:394,8
DA:397,8
DA:398,8
DA:399,8
DA:400,8
BRDA:391,14,0,8
[...]
BRDA:22,392,1,0
BRDA:59,1932,0,0
BRDA:59,1932,1,0
BRDA:22,409,1,0
BRDA:62,2092,0,0
BRDA:62,2092,1,0
BRDA:63,2228,0,0
BRDA:22,409,0,0
BRDA:67,2285,0,0
BRDA:67,2285,1,0
BRDA:41,1280,1,0
BRDA:63,2228,1,0
BRDA:18,2401,0,0
BRDA:18,2401,1,0
BRDA:18,2494,0,0
FN:77,System.Void Lucent.Common.Entities.Serializers.CampaignSerializer/<WriteAsync>d__3::MoveNext()
FNDA:0,System.Void Lucent.Common.Entities.Serializers.CampaignSerializer/<WriteAsync>d__3::MoveNext()
DA:78,0
DA:79,0
DA:80,0
DA:81,0
DA:82,0
DA:83,0
DA:84,0
DA:85,0
DA:86,0
DA:87,0
DA:88,0
DA:89,0
DA:90,0
BRDA:79,96,0,0
BRDA:81,126,0,0
BRDA:81,126,1,0
BRDA:82,265,0,0
BRDA:82,265,1,0
BRDA:83,406,0,0
BRDA:83,406,1,0
BRDA:84,547,0,0
BRDA:84,547,1,0
BRDA:85,688,0,0
BRDA:85,688,1,0
BRDA:86,829,0,0
BRDA:86,829,1,0
BRDA:87,933,0,0
BRDA:87,933,1,0
BRDA:88,1037,0,0
BRDA:88,1037,1,0
BRDA:79,96,1,0
LF:56
LH:0
BRF:76
BRH:0
FNF:4
FNH:0
end_of_record
SF:/home/nnorthcutt/Code/github/telefrek/lucent-bidder/Common/Entities/Serializers/CreativeContentSerializer.cs
FN:10,Lucent.Common.Entities.CreativeContent Lucent.Common.Entities.Serializers.CreativeContentSerializer::Read(Lucent.Common.Serialization.ISerializationStreamReader)
FNDA:0,Lucent.Common.Entities.CreativeContent Lucent.Common.Entities.Serializers.CreativeContentSerializer::Read(Lucent.Common.Serialization.ISerializationStreamReader)
DA:11,0
FN:121,System.Void Lucent.Common.Entities.Serializers.CreativeContentSerializer::Write(Lucent.Common.Serialization.ISerializationStreamWriter,Lucent.Common.Entities.CreativeContent)
FNDA:0,System.Void Lucent.Common.Entities.Serializers.CreativeContentSerializer::Write(Lucent.Common.Serialization.ISerializationStreamWriter,Lucent.Common.Entities.CreativeContent)
DA:122,0
FN:13,System.Void Lucent.Common.Entities.Serializers.CreativeContentSerializer/<ReadAsync>d__1::MoveNext()
FNDA:0,System.Void Lucent.Common.Entities.Serializers.CreativeContentSerializer/<ReadAsync>d__1::MoveNext()
DA:14,0
DA:15,0
DA:16,0
DA:18,0
DA:19,0
DA:20,0
DA:21,0
DA:23,0
DA:26,0
DA:29,0
DA:30,0
DA:32,0
DA:33,0
DA:35,0
DA:36,0
DA:38,0
DA:39,0
DA:41,0
DA:42,0
DA:44,0
DA:45,0
DA:47,0
DA:48,0
DA:50,0
DA:51,0
DA:53,0
DA:54,0
DA:56,0
DA:57,0
DA:59,0
DA:60,0
DA:62,0
DA:63,0
DA:65,0
DA:66,0
DA:68,0
DA:69,0
DA:71,0
DA:73,0
DA:74,0
DA:76,0
DA:77,0
DA:79,0
DA:80,0
DA:82,0
DA:83,0
DA:85,0
DA:86,0
DA:88,0
DA:89,0
DA:91,0
DA:92,0
DA:94,0
DA:95,0
DA:97,0
DA:98,0
DA:100,0
DA:101,0
DA:103,0
DA:104,0
DA:106,0
DA:107,0
DA:109,0
DA:110,0
DA:112,0
DA:113,0
DA:116,0
DA:118,0
DA:119,0
DA:120,0
BRDA:15,313,0,0
BRDA:15,313,1,0
BRDA:15,407,0,0
BRDA:15,407,1,0
BRDA:19,5503,1,0
BRDA:23,479,0,0
BRDA:23,488,0,0
BRDA:23,497,0,0
BRDA:23,511,0,0
BRDA:23,488,1,0
BRDA:23,542,0,0
BRDA:23,551,0,0
BRDA:23,542,1,0
BRDA:23,582,0,0
BRDA:23,479,1,0
BRDA:23,613,0,0
BRDA:23,622,0,0
BRDA:23,633,0,0
BRDA:23,613,1,0
BRDA:23,664,0,0
BRDA:23,673,0,0
BRDA:23,664,1,0
BRDA:23,704,0,0
BRDA:23,622,1,0
BRDA:23,724,0,0
BRDA:23,565,1,0
BRDA:23,596,1,0
BRDA:23,704,1,0
BRDA:23,551,1,0
BRDA:23,715,1,0
BRDA:23,687,1,0
BRDA:23,647,1,0
BRDA:23,511,1,0
BRDA:23,525,1,0
BRDA:23,497,1,0
BRDA:23,633,1,0
BRDA:23,582,1,0
BRDA:23,673,1,0
BRDA:23,733,1,0
BRDA:26,1051,0,0
BRDA:26,1051,1,0
BRDA:26,1060,1,0
BRDA:29,1159,0,0
BRDA:29,1159,1,0
BRDA:26,1060,2,0
BRDA:32,1318,0,0
BRDA:32,1318,1,0
BRDA:26,1060,3,0
BRDA:35,1470,0,0
BRDA:35,1470,1,0
BRDA:26,1060,4,0
BRDA:38,1622,0,0
BRDA:38,1622,1,0
BRDA:26,1060,5,0
BRDA:41,1774,0,0
BRDA:41,1774,1,0
BRDA:26,1060,6,0
BRDA:44,1926,0,0
BRDA:44,1926,1,0
BRDA:26,1060,7,0
BRDA:47,2078,0,0
BRDA:47,2078,1,0
BRDA:26,1060,8,0
BRDA:50,2237,0,0
BRDA:50,2237,1,0
BRDA:26,1060,9,0
BRDA:53,2396,0,0
BRDA:53,2396,1,0
BRDA:26,1060,10,0
BRDA:56,2549,0,0
BRDA:56,2549,1,0
BRDA:26,1060,11,0
BRDA:59,2702,0,0
BRDA:59,2702,1,0
BRDA:26,1060,12,0
BRDA:62,2862,0,0
BRDA:62,2862,1,0
BRDA:26,1060,13,0
BRDA:65,3022,0,0
BRDA:65,3022,1,0
BRDA:26,1060,0,0
BRDA:68,3160,0,0
BRDA:68,3160,1,0
BRDA:23,755,1,0
BRDA:73,3285,0,0
BRDA:73,3285,1,0
BRDA:23,777,1,0
BRDA:76,3445,0,0
BRDA:76,3445,1,0
BRDA:23,799,1,0
BRDA:79,3598,0,0
BRDA:79,3598,1,0
BRDA:23,821,1,0
BRDA:82,3751,0,0
BRDA:82,3751,1,0
BRDA:23,843,1,0
BRDA:85,3904,0,0
BRDA:85,3904,1,0
BRDA:23,865,1,0
BRDA:88,4057,0,0
BRDA:88,4057,1,0
BRDA:23,887,1,0
BRDA:91,4210,0,0
BRDA:91,4210,1,0
BRDA:23,909,1,0
BRDA:94,4370,0,0
BRDA:94,4370,1,0
BRDA:23,931,1,0
BRDA:97,4530,0,0
BRDA:97,4530,1,0
BRDA:23,953,1,0
BRDA:100,4683,0,0
BRDA:100,4683,1,0
BRDA:23,975,1,0
BRDA:103,4836,0,0
BRDA:103,4836,1,0
BRDA:23,997,1,0
BRDA:106,4996,0,0
BRDA:106,4996,1,0
BRDA:23,1019,1,0
BRDA:109,5156,0,0
BRDA:109,5156,1,0
BRDA:23,525,0,0
BRDA:23,565,0,0
BRDA:23,596,0,0
BRDA:23,647,0,0
BRDA:23,687,0,0
BRDA:23,715,0,0
BRDA:23,724,1,0
BRDA:23,733,0,0
BRDA:23,755,0,0
BRDA:23,777,0,0
BRDA:23,799,0,0
BRDA:23,821,0,0
BRDA:23,843,0,0
BRDA:23,865,0,0
BRDA:23,887,0,0
BRDA:23,909,0,0
BRDA:23,931,0,0
BRDA:23,953,0,0
BRDA:23,975,0,0
BRDA:23,997,0,0
BRDA:23,1019,0,0
BRDA:112,5294,0,0
BRDA:112,5294,1,0
BRDA:19,5410,0,0
BRDA:19,5410,1,0
BRDA:19,5503,0,0
FN:124,System.Void Lucent.Common.Entities.Serializers.CreativeContentSerializer/<WriteAsync>d__3::MoveNext()
FNDA:0,System.Void Lucent.Common.Entities.Serializers.CreativeContentSerializer/<WriteAsync>d__3::MoveNext()
DA:125,0
DA:126,0
DA:127,0
DA:128,0
DA:129,0
DA:130,0
DA:131,0
DA:132,0
DA:133,0
DA:134,0
DA:135,0
DA:136,0
DA:137,0
DA:138,0
DA:139,0
DA:140,0
DA:141,0
DA:142,0
DA:143,0
DA:144,0
DA:145,0
BRDA:126,171,0,0
BRDA:128,201,0,0
BRDA:128,201,1,0
BRDA:129,340,0,0
BRDA:129,340,1,0
BRDA:130,481,0,0
BRDA:130,481,1,0
BRDA:131,622,0,0
BRDA:131,622,1,0
BRDA:132,763,0,0
BRDA:132,763,1,0
BRDA:133,904,0,0
BRDA:133,904,1,0
BRDA:134,1045,0,0
BRDA:134,1045,1,0
BRDA:135,1186,0,0
BRDA:135,1186,1,0
BRDA:136,1327,0,0
BRDA:136,1327,1,0
BRDA:137,1469,0,0
BRDA:137,1469,1,0
BRDA:138,1612,0,0
BRDA:138,1612,1,0
BRDA:139,1755,0,0
BRDA:139,1755,1,0
BRDA:140,1898,0,0
BRDA:140,1898,1,0
BRDA:141,2041,0,0
BRDA:141,2041,1,0
BRDA:142,2146,0,0
BRDA:142,2146,1,0
BRDA:143,2251,0,0
BRDA:143,2251,1,0
BRDA:126,171,1,0
LF:93
LH:0
BRF:182
BRH:0
FNF:4
FNH:0
end_of_record
SF:/home/nnorthcutt/Code/github/telefrek/lucent-bidder/Common/Entities/Serializers/CreativeSerializer.cs
FN:9,Lucent.Common.Entities.Creative Lucent.Common.Entities.Serializers.CreativeSearializer::Read(Lucent.Common.Serialization.ISerializationStreamReader)
FNDA:0,Lucent.Common.Entities.Creative Lucent.Common.Entities.Serializers.CreativeSearializer::Read(Lucent.Common.Serialization.ISerializationStreamReader)
DA:10,0
FN:74,System.Void Lucent.Common.Entities.Serializers.CreativeSearializer::Write(Lucent.Common.Serialization.ISerializationStreamWriter,Lucent.Common.Entities.Creative)
FNDA:0,System.Void Lucent.Common.Entities.Serializers.CreativeSearializer::Write(Lucent.Common.Serialization.ISerializationStreamWriter,Lucent.Common.Entities.Creative)
DA:75,0
FN:12,System.Void Lucent.Common.Entities.Serializers.CreativeSearializer/<ReadAsync>d__1::MoveNext()
FNDA:0,System.Void Lucent.Common.Entities.Serializers.CreativeSearializer/<ReadAsync>d__1::MoveNext()
DA:13,0
DA:14,0
DA:15,0
DA:17,0
DA:18,0
DA:19,0
DA:20,0
DA:22,0
DA:25,0
DA:28,0
DA:29,0
DA:31,0
DA:32,0
DA:34,0
DA:35,0
DA:37,0
DA:38,0
DA:40,0
DA:41,0
DA:42,0
DA:43,0
DA:45,0
DA:46,0
DA:48,0
DA:50,0
DA:51,0
DA:53,0
DA:54,0
DA:56,0
DA:57,0
DA:59,0
DA:60,0
DA:62,0
DA:63,0
DA:64,0
DA:65,0
DA:67,0
DA:68,0
DA:71,0
DA:72,0
DA:73,0
BRDA:14,166,0,0
BRDA:14,166,1,0
BRDA:14,260,0,0
BRDA:14,260,1,0
BRDA:18,2644,1,0
BRDA:22,318,0,0
BRDA:22,318,1,0
BRDA:22,327,0,0
BRDA:22,341,0,0
BRDA:22,358,0,0
BRDA:22,375,0,0
BRDA:22,392,0,0
BRDA:22,327,1,0
BRDA:25,440,0,0
BRDA:25,440,1,0
BRDA:25,449,1,0
BRDA:28,516,0,0
BRDA:28,516,1,0
BRDA:25,449,2,0
BRDA:31,675,0,0
BRDA:31,675,1,0
BRDA:25,449,3,0
BRDA:34,834,0,0
BRDA:34,834,1,0
BRDA:25,449,4,0
BRDA:37,993,0,0
BRDA:37,993,1,0
BRDA:25,449,5,0
BRDA:40,1157,0,0
BRDA:40,1157,1,0
BRDA:41,1346,1,0
BRDA:41,1346,0,0
BRDA:25,449,0,0
BRDA:45,1412,0,0
BRDA:45,1412,1,0
BRDA:22,341,1,0
BRDA:50,1536,0,0
BRDA:50,1536,1,0
BRDA:22,358,1,0
BRDA:53,1695,0,0
BRDA:53,1695,1,0
BRDA:22,375,1,0
BRDA:56,1854,0,0
BRDA:56,1854,1,0
BRDA:22,392,1,0
BRDA:59,2014,0,0
BRDA:59,2014,1,0
BRDA:22,409,1,0
BRDA:62,2179,0,0
BRDA:62,2179,1,0
BRDA:63,2369,1,0
BRDA:63,2369,0,0
BRDA:22,409,0,0
BRDA:67,2435,0,0
BRDA:67,2435,1,0
BRDA:18,2551,0,0
BRDA:18,2551,1,0
BRDA:18,2644,0,0
FN:77,System.Void Lucent.Common.Entities.Serializers.CreativeSearializer/<WriteAsync>d__3::MoveNext()
FNDA:0,System.Void Lucent.Common.Entities.Serializers.CreativeSearializer/<WriteAsync>d__3::MoveNext()
DA:78,0
DA:79,0
DA:80,0
DA:81,0
DA:82,0
DA:83,0
DA:84,0
DA:85,0
DA:86,0
DA:87,0
DA:88,0
DA:89,0
DA:90,0
BRDA:79,96,0,0
BRDA:81,126,0,0
BRDA:81,126,1,0
BRDA:82,265,0,0
BRDA:82,265,1,0
BRDA:83,406,0,0
BRDA:83,406,1,0
BRDA:84,547,0,0
BRDA:84,547,1,0
BRDA:85,688,0,0
BRDA:85,688,1,0
BRDA:86,834,0,0
BRDA:86,834,1,0
BRDA:87,938,0,0
BRDA:87,938,1,0
BRDA:88,1042,0,0
BRDA:88,1042,1,0
BRDA:79,96,1,0
LF:56
LH:0
BRF:76
BRH:0
FNF:4
FNH:0
end_of_record
SF:/home/nnorthcutt/Code/github/telefrek/lucent-bidder/Common/Entities/Serializers/ScheduleSerializer.cs
FN:10,Lucent.Common.Entities.CampaignSchedule Lucent.Common.Entities.Serializers.CampaignScheduleSerializer::Read(Lucent.Common.Serialization.ISerializationStreamReader)
FNDA:0,Lucent.Common.Entities.CampaignSchedule Lucent.Common.Entities.Serializers.CampaignScheduleSerializer::Read(Lucent.Common.Serialization.ISerializationStreamReader)
DA:11,0
FN:54,System.Void Lucent.Common.Entities.Serializers.CampaignScheduleSerializer::Write(Lucent.Common.Serialization.ISerializationStreamWriter,Lucent.Common.Entities.CampaignSchedule)
FNDA:0,System.Void Lucent.Common.Entities.Serializers.CampaignScheduleSerializer::Write(Lucent.Common.Serialization.ISerializationStreamWriter,Lucent.Common.Entities.CampaignSchedule)
DA:55,0
FN:13,System.Void Lucent.Common.Entities.Serializers.CampaignScheduleSerializer/<ReadAsync>d__1::MoveNext()
FNDA:0,System.Void Lucent.Common.Entities.Serializers.CampaignScheduleSerializer/<ReadAsync>d__1::MoveNext()
DA:14,0
DA:15,0
DA:16,0
DA:18,0
DA:19,0
DA:20,0
DA:21,0
DA:23,0
DA:26,0
DA:29,0
DA:30,0
DA:32,0
DA:33,0
DA:35,0
DA:36,0
DA:38,0
DA:40,0
DA:41,0
DA:43,0
DA:44,0
DA:46,0
DA:47,0
DA:50,0
DA:51,0
DA:52,0
BRDA:15,109,0,0
BRDA:15,109,1,0
BRDA:15,203,0,0
BRDA:15,203,1,0
BRDA:19,1292,1,0
BRDA:23,261,0,0
BRDA:23,261,1,0
BRDA:23,270,0,0
BRDA:23,284,0,0
BRDA:23,270,1,0
BRDA:26,328,0,0
BRDA:26,328,1,0
BRDA:29,383,0,0
BRDA:29,383,1,0
BRDA:26,336,1,0
BRDA:32,535,0,0
BRDA:32,535,1,0
BRDA:26,336,0,0
BRDA:35,672,0,0
BRDA:35,672,1,0
BRDA:23,284,1,0
BRDA:40,796,0,0
BRDA:40,796,1,0
BRDA:23,301,1,0
BRDA:43,948,0,0
BRDA:43,948,1,0
BRDA:23,301,0,0
BRDA:46,1085,0,0
BRDA:46,1085,1,0
BRDA:19,1200,0,0
BRDA:19,1200,1,0
BRDA:19,1292,0,0
FN:57,System.Void Lucent.Common.Entities.Serializers.CampaignScheduleSerializer/<WriteAsync>d__3::MoveNext()
FNDA:0,System.Void Lucent.Common.Entities.Serializers.CampaignScheduleSerializer/<WriteAsync>d__3::MoveNext()
DA:58,0
DA:59,0
DA:60,0
DA:61,0
DA:62,0
DA:63,0
DA:64,0
DA:65,0
DA:66,0
DA:67,0
BRDA:59,69,0,0
BRDA:61,99,0,0
BRDA:61,99,1,0
BRDA:62,238,0,0
BRDA:62,238,1,0
BRDA:63,379,0,0
BRDA:63,379,1,0
BRDA:64,483,0,0
BRDA:64,483,1,0
BRDA:65,587,0,0
BRDA:65,587,1,0
BRDA:59,69,1,0
LF:37
LH:0
BRF:44
BRH:0
FNF:4
FNH:0
end_of_record
SF:/home/nnorthcutt/Code/github/telefrek/lucent-bidder/Common/Bidding/BidFactory.cs
FN:23,Lucent.Common.Bidding.ICampaignBidder Lucent.Common.Bidding.BidFactory::CreateBidder(Lucent.Common.Entities.Campaign)
FNDA:5,Lucent.Common.Bidding.ICampaignBidder Lucent.Common.Bidding.BidFactory::CreateBidder(Lucent.Common.Entities.Campaign)
DA:24,5
DA:25,5
DA:26,5
FN:29,Lucent.Common.Bidding.IBudgetLedgerManager Lucent.Common.Bidding.BidFactory::CreateBudgetManager()
FNDA:0,Lucent.Common.Bidding.IBudgetLedgerManager Lucent.Common.Bidding.BidFactory::CreateBudgetManager()
DA:30,0
DA:31,0
DA:32,0
FN:16,System.Void Lucent.Common.Bidding.BidFactory::.ctor(System.IServiceProvider)
FNDA:2,System.Void Lucent.Common.Bidding.BidFactory::.ctor(System.IServiceProvider)
DA:17,2
DA:18,2
DA:19,2
DA:20,2
LF:10
LH:7
BRF:0
BRH:0
FNF:3
FNH:2
end_of_record
SF:/home/nnorthcutt/Code/github/telefrek/lucent-bidder/Common/Bidding/CampaignBidder.cs
FN:31,Lucent.Common.Entities.Campaign Lucent.Common.Bidding.CampaignBidder::get_Campaign()
FNDA:2,Lucent.Common.Entities.Campaign Lucent.Common.Bidding.CampaignBidder::get_Campaign()
DA:32,2
FN:39,System.Threading.Tasks.Task`1<Lucent.Common.OpenRTB.Bid> Lucent.Common.Bidding.CampaignBidder::BidAsync(Lucent.Common.OpenRTB.Impression)
FNDA:4,System.Threading.Tasks.Task`1<Lucent.Common.OpenRTB.Bid> Lucent.Common.Bidding.CampaignBidder::BidAsync(Lucent.Common.OpenRTB.Impression)
DA:40,4
DA:42,4
DA:43,4
DA:44,4
DA:45,4
DA:46,4
DA:47,4
FN:56,Lucent.Common.OpenRTB.Impression[] Lucent.Common.Bidding.CampaignBidder::FilterImpressions(Lucent.Common.OpenRTB.BidRequest)
FNDA:6,Lucent.Common.OpenRTB.Impression[] Lucent.Common.Bidding.CampaignBidder::FilterImpressions(Lucent.Common.OpenRTB.BidRequest)
DA:57,6
DA:58,6
DA:59,0
DA:61,6
DA:64,30
DA:65,18
DA:66,4
DA:69,6
DA:70,6
BRDA:58,20,0,0
BRDA:58,20,1,6
BRDA:64,130,1,6
BRDA:65,103,0,4
BRDA:65,103,1,6
BRDA:64,130,0,6
BRDA:69,138,0,6
BRDA:69,138,1,0
BRDA:69,162,0,0
BRDA:69,162,1,0
FN:22,System.Void Lucent.Common.Bidding.CampaignBidder::.ctor(Lucent.Common.Entities.Campaign,Microsoft.Extensions.Logging.ILogger`1<Lucent.Common.Bidding.CampaignBidder>)
FNDA:5,System.Void Lucent.Common.Bidding.CampaignBidder::.ctor(Lucent.Common.Entities.Campaign,Microsoft.Extensions.Logging.ILogger`1<Lucent.Common.Bidding.CampaignBidder>)
DA:23,5
DA:24,5
DA:25,5
DA:26,5
DA:27,5
FN:48,System.Void Lucent.Common.Bidding.CampaignBidder::.cctor()
FNDA:0,System.Void Lucent.Common.Bidding.CampaignBidder::.cctor()
DA:49,0
LF:23
LH:21
BRF:12
BRH:8
FNF:5
FNH:4
end_of_record
SF:/home/nnorthcutt/Code/github/telefrek/lucent-bidder/Common/Bidding/IBudgeLedgetManager.cs
FN:44,System.Void Lucent.Common.Bidding.BudgetLedgerManager::.ctor(Lucent.Common.Storage.IStorageManager,Microsoft.Extensions.Options.IOptions`1<Lucent.Common.Bidding.BudgetLedgerConfig>)
FNDA:0,System.Void Lucent.Common.Bidding.BudgetLedgerManager::.ctor(Lucent.Common.Storage.IStorageManager,Microsoft.Extensions.Options.IOptions`1<Lucent.Common.Bidding.BudgetLedgerConfig>)
DA:45,0
DA:46,0
DA:47,0
DA:48,0
DA:50,0
DA:51,0
DA:52,0
DA:53,0
FN:60,System.Void Lucent.Common.Bidding.BudgetLedgerManager/<GetBudgetAsync>d__6::MoveNext()
FNDA:0,System.Void Lucent.Common.Bidding.BudgetLedgerManager/<GetBudgetAsync>d__6::MoveNext()
DA:61,0
BRDA:61,49,0,0
BRDA:61,49,1,0
FN:68,System.Void Lucent.Common.Bidding.BudgetLedgerManager/<RequestBudgetAsync>d__7::MoveNext()
FNDA:0,System.Void Lucent.Common.Bidding.BudgetLedgerManager/<RequestBudgetAsync>d__7::MoveNext()
DA:69,0
DA:70,0
DA:71,0
DA:72,0
DA:75,0
DA:76,0
DA:78,0
DA:79,0
DA:80,0
DA:81,0
DA:82,0
DA:83,0
DA:86,0
DA:87,0
DA:88,0
DA:89,0
DA:90,0
DA:93,0
DA:94,0
DA:96,0
DA:97,0
DA:100,0
DA:103,0
DA:104,0
DA:107,0
DA:108,0
DA:109,0
DA:110,0
DA:111,0
DA:112,0
DA:113,0
DA:115,0
DA:116,0
BRDA:70,93,0,0
BRDA:70,93,1,0
BRDA:71,230,0,0
BRDA:71,230,1,0
BRDA:72,369,0,0
BRDA:72,369,1,0
BRDA:75,478,0,0
BRDA:75,486,0,0
BRDA:75,478,1,0
BRDA:75,486,1,0
BRDA:75,504,0,0
BRDA:78,553,0,0
BRDA:78,553,1,0
BRDA:86,674,0,0
BRDA:86,674,1,0
BRDA:86,722,0,0
BRDA:86,722,1,0
BRDA:93,804,0,0
BRDA:93,804,1,0
BRDA:93,854,0,0
BRDA:107,1050,0,0
BRDA:107,1050,1,0
BRDA:107,1144,0,0
BRDA:110,1211,0,0
BRDA:110,1211,1,0
BRDA:107,1144,1,0
BRDA:93,854,1,0
BRDA:75,504,1,0
FN:127,System.String Lucent.Common.Bidding.BudgetLedgerConfig::get_LedgerUri()
FNDA:0,System.String Lucent.Common.Bidding.BudgetLedgerConfig::get_LedgerUri()
DA:128,0
FN:133,System.Double Lucent.Common.Bidding.BudgetLedgerConfig::get_AllocationAmount()
FNDA:0,System.Double Lucent.Common.Bidding.BudgetLedgerConfig::get_AllocationAmount()
DA:134,0
LF:44
LH:0
BRF:30
BRH:0
FNF:5
FNH:0
end_of_record
SF:/home/nnorthcutt/Code/github/telefrek/lucent-bidder/Samples/SimpleExchange/SimpleExchange.cs
FN:33,System.Void Lucent.Samples.SimpleExchange.SimpleExchange::Initialize(System.IServiceProvider)
FNDA:5,System.Void Lucent.Samples.SimpleExchange.SimpleExchange::Initialize(System.IServiceProvider)
DA:34,5
DA:35,5
DA:36,5
DA:37,5
DA:38,5
DA:39,5
DA:42,7
DA:45,5
DA:46,5
DA:47,5
FN:49,System.Void Lucent.Samples.SimpleExchange.SimpleExchange::ProcessMessage(Lucent.Common.Messaging.LucentMessage`1<Lucent.Common.Entities.Campaign>)
FNDA:3,System.Void Lucent.Samples.SimpleExchange.SimpleExchange::ProcessMessage(Lucent.Common.Messaging.LucentMessage`1<Lucent.Common.Entities.Campaign>)
DA:50,3
DA:51,3
DA:52,3
DA:53,3
DA:54,3
DA:55,3
DA:56,6
DA:57,6
DA:58,6
DA:59,6
DA:60,3
DA:61,3
DA:62,6
DA:63,6
DA:64,6
DA:65,3
DA:66,3
BRDA:53,69,0,3
BRDA:53,69,1,3
FN:68,System.Boolean Lucent.Samples.SimpleExchange.SimpleExchange::get_SuppressBOM()
FNDA:0,System.Boolean Lucent.Samples.SimpleExchange.SimpleExchange::get_SuppressBOM()
DA:69,0
FN:71,System.String Lucent.Samples.SimpleExchange.SimpleExchange::get_Name()
FNDA:5,System.String Lucent.Samples.SimpleExchange.SimpleExchange::get_Name()
DA:72,5
FN:74,System.Int32 Lucent.Samples.SimpleExchange.SimpleExchange::get_Order()
FNDA:5,System.Int32 Lucent.Samples.SimpleExchange.SimpleExchange::get_Order()
DA:75,5
FN:77,System.Guid Lucent.Samples.SimpleExchange.SimpleExchange::get_ExchangeId()
FNDA:5,System.Guid Lucent.Samples.SimpleExchange.SimpleExchange::get_ExchangeId()
DA:78,5
FN:105,System.Boolean Lucent.Samples.SimpleExchange.SimpleExchange::IsMatch(Microsoft.AspNetCore.Http.HttpContext)
FNDA:4,System.Boolean Lucent.Samples.SimpleExchange.SimpleExchange::IsMatch(Microsoft.AspNetCore.Http.HttpContext)
DA:106,4
FN:30,System.Void Lucent.Samples.SimpleExchange.SimpleExchange::.ctor()
FNDA:5,System.Void Lucent.Samples.SimpleExchange.SimpleExchange::.ctor()
DA:31,5
FN:92,<>f__AnonymousType0`2<Lucent.Common.Bidding.ICampaignBidder,Lucent.Common.OpenRTB.Impression[]> Lucent.Samples.SimpleExchange.SimpleExchange/<>c__DisplayClass17_0::<Bid>b__0(Lucent.Common.Bidding.ICampaignBidder)
FNDA:9,<>f__AnonymousType0`2<Lucent.Common.Bidding.ICampaignBidder,Lucent.Common.OpenRTB.Impression[]> Lucent.Samples.SimpleExchange.SimpleExchange/<>c__DisplayClass17_0::<Bid>b__0(Lucent.Common.Bidding.ICampaignBidder)
DA:93,9
FN:94,System.Threading.Tasks.Task`1<Lucent.Common.OpenRTB.Bid> Lucent.Samples.SimpleExchange.SimpleExchange/<>c__DisplayClass17_1::<Bid>b__4(Lucent.Common.OpenRTB.Impression)
FNDA:11,System.Threading.Tasks.Task`1<Lucent.Common.OpenRTB.Bid> Lucent.Samples.SimpleExchange.SimpleExchange/<>c__DisplayClass17_1::<Bid>b__4(Lucent.Common.OpenRTB.Impression)
DA:95,11
FN:93,System.Boolean Lucent.Samples.SimpleExchange.SimpleExchange/<>c::<Bid>b__17_1(<>f__AnonymousType0`2<Lucent.Common.Bidding.ICampaignBidder,Lucent.Common.OpenRTB.Impression[]>)
FNDA:9,System.Boolean Lucent.Samples.SimpleExchange.SimpleExchange/<>c::<Bid>b__17_1(<>f__AnonymousType0`2<Lucent.Common.Bidding.ICampaignBidder,Lucent.Common.OpenRTB.Impression[]>)
DA:94,9
BRDA:94,7,0,0
BRDA:94,7,1,6
FN:99,Lucent.Common.OpenRTB.SeatBid Lucent.Samples.SimpleExchange.SimpleExchange/<>c::<Bid>b__17_3(<>f__AnonymousType1`2<System.Threading.Tasks.Task`1<Lucent.Common.OpenRTB.Bid>[],Lucent.Common.Bidding.ICampaignBidder>)
FNDA:7,Lucent.Common.OpenRTB.SeatBid Lucent.Samples.SimpleExchange.SimpleExchange/<>c::<Bid>b__17_3(<>f__AnonymousType1`2<System.Threading.Tasks.Task`1<Lucent.Common.OpenRTB.Bid>[],Lucent.Common.Bidding.ICampaignBidder>)
DA:100,7
BRDA:100,41,0,1
BRDA:100,41,1,2
FN:81,System.Void Lucent.Samples.SimpleExchange.SimpleExchange/<Bid>d__17::MoveNext()
FNDA:5,System.Void Lucent.Samples.SimpleExchange.SimpleExchange/<Bid>d__17::MoveNext()
DA:82,5
DA:83,5
DA:84,2
DA:86,3
DA:87,3
DA:88,3
DA:89,3
DA:90,3
DA:91,3
DA:97,13
DA:98,2
DA:102,3
DA:103,5
BRDA:83,67,0,2
BRDA:83,67,1,3
BRDA:93,184,0,1
BRDA:93,184,1,3
BRDA:93,220,0,1
BRDA:93,220,1,3
BRDA:97,431,1,2
BRDA:98,333,1,2
BRDA:97,275,0,5
BRDA:97,431,0,3
BRDA:100,488,0,1
BRDA:100,488,1,3
LF:50
LH:49
BRF:26
BRH:22
FNF:13
FNH:12
end_of_record